Active-HDL 13.0.376.8320 2023-10-25 17:32:08

Elaboration top modules:
Architecture                  tb(sixteen_bit_multiplexer_TB)


-----------------------------------------------------------------------------------------------------------------------------
Entity                     | Architecture | Library                 | Info | Compiler Version          | Compilation Options
-----------------------------------------------------------------------------------------------------------------------------
sixteen_bit_multiplexer_TB | tb           | sixteen_bit_multiplexer |      | 13.0.376.8320 (Windows64) | -O3
mux_16bit                  | structural   | sixteen_bit_multiplexer |      | 13.0.376.8320 (Windows64) | -O3
-----------------------------------------------------------------------------------------------------------------------------

-----------------------------------------------------------------------------------------------------------------------------
VHDL Package                              | Library                 | Info | Compiler Version          | Compilation Options
-----------------------------------------------------------------------------------------------------------------------------
standard                                  | std                     |      |                           | <unavailable>
TEXTIO                                    | std                     |      | 13.0.376.8320 (Windows64) |  -2019
std_logic_1164                            | ieee                    |      | 13.0.376.8320 (Windows64) |  -2008
-----------------------------------------------------------------------------------------------------------------------------

-----------------------------------------------------------------------------------------------------------------------------
Library                                   | Comment
-----------------------------------------------------------------------------------------------------------------------------
ieee                                      | Standard IEEE packages library
sixteen_bit_multiplexer                   | None
std                                       | Standard VHDL library
-----------------------------------------------------------------------------------------------------------------------------
