# ELBREAD: Elaboration process.
# ELBREAD: Error: Configuration testbench_for_sixteen_bit_multiplier (library sixteen_bit_multiplier) not found.
# ELBREAD: Error: Elaboration process completed with errors.
# Design: Error: Elaboration failed
# Library Manager: Library "sixteen_bit_multiplier" contents cleared.
acom -reorder -O3 -e 100 -work sixteen_bit_multiplier -2002  $dsn/src/sixteen_bit_multiplier.vhd $dsn/src/TestBench/sixteen_bit_multiplier_TB.vhd
# Warning: DAGGEN_0523: The source is compiled without the -dbg switch. Line breakpoints and assertion debug will not be available.
# File: C:/Users/emily/Git/ece443_project1/Workspace #5/16bit_multiplier/sixteen_bit_multiplier/src/sixteen_bit_multiplier.vhd
# Compile Entity "sixteen_bit_multiplier"
# Compile Architecture "Behavioral" of Entity "sixteen_bit_multiplier"
# File: C:/Users/emily/Git/ece443_project1/Workspace #5/16bit_multiplier/sixteen_bit_multiplier/src/TestBench/sixteen_bit_multiplier_TB.vhd
# Compile Entity "sixteen_bit_multiplier_tb"
# Compile Architecture "TB_ARCHITECTURE" of Entity "sixteen_bit_multiplier_tb"
# Compile Configuration "TESTBENCH_FOR_sixteen_bit_multiplier"
# Top-level unit(s) detected:
# Configuration => TESTBENCH_FOR_sixteen_bit_multiplier
# Compile success 0 Errors 0 Warnings  Analysis time :  0.1 [s]
# ELBREAD: Elaboration process.
# ELBREAD: Elaboration time 0.0 [s].
asim -O5 +access +r +m+testbench_for_sixteen_bit_multiplier testbench_for_sixteen_bit_multiplier
# ELBREAD: Elaboration process.
# ELBREAD: Elaboration time 0.0 [s].
# VSIM: Stack memory: 32MB
# VSIM: Retval memory: 32MB
# 
# KERNEL: Main thread initiated.
# KERNEL: Kernel process initialization phase.
# ELAB2: Elaboration final pass...
# ELAB2: Create instances ...
# KERNEL: Time resolution set to 1ps.
# ELAB2: Create instances complete.
# SLP: Started
# SLP: Elaboration phase ...
# SLP: Elaboration phase ... skipped, nothing to simulate in SLP mode : 0.0 [s]
# SLP: Finished : 0.0 [s]
# ELAB2: Elaboration final pass complete - time: 0.0 [s].
# KERNEL: Warning: You are using the Active-HDL Student Edition. The performance of simulation is running at a reduced rate.
# KERNEL: Warning: Contact Aldec for available upgrade options - sales@aldec.com.
# KERNEL: Kernel process initialization done.
# Allocation: Simulator allocated 6590 kB (elbread=427 elab2=6024 kernel=139 sdf=0)
# KERNEL: ASDB file was created in location C:\Users\emily\Git\ece443_project1\Workspace #5\16bit_multiplier\sixteen_bit_multiplier\src\wave.asdb
#  2:28 PM, Wednesday, October 25, 2023
#  Simulation has been initialized
# VSIM: 1 object(s) traced.
# Waveform file 'untitled.awc' connected to 'C:/Users/emily/Git/ece443_project1/Workspace #5/16bit_multiplier/sixteen_bit_multiplier/src/wave.asdb'.
# VSIM: 1 object(s) traced.
# VSIM: 1 object(s) traced.
run @100ns
# KERNEL: Simulation has finished. There are no more test vectors to simulate.
endsim
# VSIM: Simulation has finished.
