Active-HDL 13.0.376.8320 2023-10-25 21:00:23

Elaboration top modules:
Architecture                  TB_architecture(sixteen_bit_subtractor_TB)


------------------------------------------------------------------------------------------------------------------------------
Entity                    | Architecture    | Library                | Info | Compiler Version          | Compilation Options
------------------------------------------------------------------------------------------------------------------------------
sixteen_bit_subtractor_TB | TB_architecture | sixteen_bit_subtractor |      | 13.0.376.8320 (Windows64) | -O3
sixteen_bit_subtractor    | structural      | sixteen_bit_subtractor |      | 13.0.376.8320 (Windows64) | -O3
sixteen_bit_adder         | structural      | sixteen_bit_subtractor |      | 13.0.376.8320 (Windows64) | -O3
Full_Adder                | structural      | sixteen_bit_subtractor |      | 13.0.376.8320 (Windows64) | -O3
half_adder                | structural      | sixteen_bit_subtractor |      | 13.0.376.8320 (Windows64) | -O3
and_gate                  | structural      | sixteen_bit_subtractor |      | 13.0.376.8320 (Windows64) | -O3
xor_gate                  | structural      | sixteen_bit_subtractor |      | 13.0.376.8320 (Windows64) | -O3
------------------------------------------------------------------------------------------------------------------------------

------------------------------------------------------------------------------------------------------------------------------
VHDL Package                                | Library                | Info | Compiler Version          | Compilation Options
------------------------------------------------------------------------------------------------------------------------------
standard                                    | std                    |      |                           | <unavailable>
TEXTIO                                      | std                    |      | 13.0.376.8320 (Windows64) |  -2019
std_logic_1164                              | ieee                   |      | 13.0.376.8320 (Windows64) |  -2008
NUMERIC_STD                                 | ieee                   |      | 13.0.376.8320 (Windows64) |  -2008
------------------------------------------------------------------------------------------------------------------------------

------------------------------------------------------------------------------------------------------------------------------
Library                                     | Comment
------------------------------------------------------------------------------------------------------------------------------
ieee                                        | Standard IEEE packages library
sixteen_bit_subtractor                      | None
std                                         | Standard VHDL library
------------------------------------------------------------------------------------------------------------------------------


Simulation Options: asim -O5 +access +r +m+sixteen_bit_subtractor_TB sixteen_bit_subtractor_TB TB_architecture


The performance of simulation is reduced. Version Student Edition
