Active-HDL 12.0.118.7745 2023-10-25 12:36:22

Elaboration top modules:
VHDL Configuration            testbench_for_sixteen_bit_multiplier


----------------------------------------------------------------------------------------------------------------------------
Entity                    | Architecture    | Library                | Info | Compiler Version        | Compilation Options
----------------------------------------------------------------------------------------------------------------------------
sixteen_bit_multiplier_tb | TB_ARCHITECTURE | sixteen_bit_multiplier |      | 12.0.118.7745 (Windows) | -O3
sixteen_bit_multiplier    | Behavioral      | sixteen_bit_multiplier |      | 12.0.118.7745 (Windows) | -O3
----------------------------------------------------------------------------------------------------------------------------

----------------------------------------------------------------------------------------------------------------------------
VHDL Configuration                          | Library                | Info | Compiler Version        | Compilation Options
----------------------------------------------------------------------------------------------------------------------------
testbench_for_sixteen_bit_multiplier        | sixteen_bit_multiplier |      |                         | <unavailable>
----------------------------------------------------------------------------------------------------------------------------

----------------------------------------------------------------------------------------------------------------------------
VHDL Package                                | Library                | Info | Compiler Version        | Compilation Options
----------------------------------------------------------------------------------------------------------------------------
standard                                    | std                    |      |                         | <unavailable>
TEXTIO                                      | std                    |      |                         | <unavailable>
std_logic_1164                              | ieee                   |      |                         | <unavailable>
NUMERIC_STD                                 | ieee                   |      |                         | <unavailable>
----------------------------------------------------------------------------------------------------------------------------

----------------------------------------------------------------------------------------------------------------------------
Library                                     | Comment
----------------------------------------------------------------------------------------------------------------------------
ieee                                        | Standard IEEE packages library
sixteen_bit_multiplier                      | None
std                                         | Standard VHDL library
----------------------------------------------------------------------------------------------------------------------------


Simulation Options: asim -O5 +access +r +m+testbench_for_sixteen_bit_multiplier testbench_for_sixteen_bit_multiplier


The performance of simulation is reduced. Version EDU Edition
