Active-HDL 12.0.118.7745 2023-11-24 15:41:12

Elaboration top modules:
Architecture                  test(tb_alu)


-------------------------------------------------------------------------------------------------------
Entity                 | Architecture | Library | Info | Compiler Version        | Compilation Options
-------------------------------------------------------------------------------------------------------
tb_alu                 | test         | alu     |      | 12.0.118.7745 (Windows) | -O3
alu                    | structural   | alu     |      | 12.0.118.7745 (Windows) | -O3
sixteen_bit_adder      | structural   | alu     |      | 12.0.118.7745 (Windows) | -O3
sixteen_bit_subtractor | structural   | alu     |      | 12.0.118.7745 (Windows) | -O3
sixteen_bit_multiplier | Behavioral   | alu     |      | 12.0.118.7745 (Windows) | -O3
Full_Adder             | structural   | alu     |      | 12.0.118.7745 (Windows) | -O3
half_adder             | structural   | alu     |      | 12.0.118.7745 (Windows) | -O3
and_gate               | structural   | alu     |      | 12.0.118.7745 (Windows) | -O3
xor_gate               | structural   | alu     |      | 12.0.118.7745 (Windows) | -O3
-------------------------------------------------------------------------------------------------------

-------------------------------------------------------------------------------------------------------
VHDL Package                          | Library | Info | Compiler Version        | Compilation Options
-------------------------------------------------------------------------------------------------------
standard                              | std     |      |                         | <unavailable>
TEXTIO                                | std     |      |                         | <unavailable>
std_logic_1164                        | ieee    |      |                         | <unavailable>
NUMERIC_STD                           | ieee    |      |                         | <unavailable>
-------------------------------------------------------------------------------------------------------

-------------------------------------------------------------------------------------------------------
Library                               | Comment
-------------------------------------------------------------------------------------------------------
alu                                   | None
ieee                                  | Standard IEEE packages library
std                                   | Standard VHDL library
-------------------------------------------------------------------------------------------------------


Simulation Options: asim -O5 +access +r +m+tb_alu tb_alu test


The performance of simulation is reduced. Version EDU Edition
