Active-HDL 12.0.118.7745 2023-10-25 09:05:30

Elaboration top modules:
Architecture                  structural(Full_Adder)


----------------------------------------------------------------------------------------------
Entity     | Architecture | Library    | Info | Compiler Version        | Compilation Options
----------------------------------------------------------------------------------------------
Full_Adder | structural   | full_adder |      | 12.0.118.7745 (Windows) | -O3
half_adder | structural   | full_adder |      | 12.0.118.7745 (Windows) | -O3
and_gate   | structural   | full_adder |      | 12.0.118.7745 (Windows) | -O3
xor_gate   | structural   | full_adder |      | 12.0.118.7745 (Windows) | -O3
----------------------------------------------------------------------------------------------

----------------------------------------------------------------------------------------------
VHDL Package              | Library    | Info | Compiler Version        | Compilation Options
----------------------------------------------------------------------------------------------
standard                  | std        |      |                         | <unavailable>
TEXTIO                    | std        |      |                         | <unavailable>
std_logic_1164            | ieee       |      |                         | <unavailable>
----------------------------------------------------------------------------------------------

----------------------------------------------------------------------------------------------
Library                   | Comment
----------------------------------------------------------------------------------------------
full_adder                | None
ieee                      | Standard IEEE packages library
std                       | Standard VHDL library
----------------------------------------------------------------------------------------------


Simulation Options: asim -O5 +access +r +m+Full_Adder Full_Adder structural


The performance of simulation is reduced. Version EDU Edition
