# ELBREAD: Elaboration process.
# ELBREAD: Error: Architecture 'tb' of entity 'sixteen_bit_multiplexer_TB' not found in library 'sixteen_bit_multiplexer'.
# ELBREAD: Error: Elaboration process completed with errors.
# Design: Error: Elaboration failed
# Library Manager: Library "sixteen_bit_multiplexer" contents cleared.
acom -reorder -O3 -e 100 -work sixteen_bit_multiplexer -2002  $dsn/src/sixteen_bit_multiplexer.vhd
# Warning: DAGGEN_0523: The source is compiled without the -dbg switch. Line breakpoints and assertion debug will not be available.
# File: C:/Users/emily/Git/ece443_project1/Workspace #6/16bit_multiplexer/sixteen_bit_multiplexer/src/sixteen_bit_multiplexer.vhd
# Compile Architecture "structural" of Entity "mux_16bit"
# Incorrect order of units detected.
# Automatic reorder and incremental recompilation of required units in progress.
# File: C:/Users/emily/Git/ece443_project1/Workspace #6/16bit_multiplexer/sixteen_bit_multiplexer/src/sixteen_bit_multiplexer.vhd
# Compile Architecture "structural" of Entity "mux_16bit"
# File: C:/Users/emily/Git/ece443_project1/Workspace #6/16bit_multiplexer/sixteen_bit_multiplexer/src/sixteen_bit_multiplexer.vhd
# Compile Architecture "structural" of Entity "mux_16bit"
# File: C:/Users/emily/Git/ece443_project1/Workspace #6/16bit_multiplexer/sixteen_bit_multiplexer/src/sixteen_bit_multiplexer.vhd
# Compile Architecture "structural" of Entity "mux_16bit"
# Error: COMP96_0016: sixteen_bit_multiplexer.vhd : (21, 1): Design unit declaration expected.
# Error: COMP96_0016: sixteen_bit_multiplexer.vhd : (24, 1): Design unit declaration expected.
# Error: COMP96_0016: sixteen_bit_multiplexer.vhd : (24, 8): Design unit declaration expected.
# Error: VLM_0029: sixteen_bit_multiplexer.vhd : (33, 1): Entity "mux_16bit" not found.
# Error: COMP96_0056: sixteen_bit_multiplexer.vhd : (33, 1): Cannot find referenced entity declaration "mux_16bit".
# Compile failure 5 Errors 0 Warnings  Analysis time :  78.0 [ms]
acom -reorder -O3 -e 100 -work sixteen_bit_multiplexer -2002  $dsn/src/sixteen_bit_multiplexer.vhd
# Warning: DAGGEN_0523: The source is compiled without the -dbg switch. Line breakpoints and assertion debug will not be available.
# File: C:/Users/emily/Git/ece443_project1/Workspace #6/16bit_multiplexer/sixteen_bit_multiplexer/src/sixteen_bit_multiplexer.vhd
# Compile Entity "mux_16bit"
# Compile Architecture "structural" of Entity "mux_16bit"
# Incorrect order of units detected.
# Automatic reorder and incremental recompilation of required units in progress.
# Top-level unit(s) detected:
# Entity => mux_16bit
# File: C:/Users/emily/Git/ece443_project1/Workspace #6/16bit_multiplexer/sixteen_bit_multiplexer/src/sixteen_bit_multiplexer.vhd
# Too many errors - compilation terminated
# Compile Architecture "structural" of Entity "mux_16bit"
# Warning: ELAB1_0026: sixteen_bit_multiplexer.vhd : (46, 0): There is no default binding for component "mux_1bit". (No entity named "mux_1bit" was found).
# Error: COMP96_0078: sixteen_bit_multiplexer.vhd : (47, 11): Unknown identifier "i".
# Error: COMP96_0133: sixteen_bit_multiplexer.vhd : (47, 11): Cannot find object declaration.
# Error: COMP96_0078: sixteen_bit_multiplexer.vhd : (48, 11): Unknown identifier "i".
# Error: COMP96_0133: sixteen_bit_multiplexer.vhd : (48, 11): Cannot find object declaration.
# Error: COMP96_0078: sixteen_bit_multiplexer.vhd : (50, 12): Unknown identifier "i".
# Error: COMP96_0133: sixteen_bit_multiplexer.vhd : (50, 12): Cannot find object declaration.
# Error: COMP96_0078: sixteen_bit_multiplexer.vhd : (53, 11): Unknown identifier "i".
# Error: COMP96_0133: sixteen_bit_multiplexer.vhd : (53, 11): Cannot find object declaration.
# Error: COMP96_0078: sixteen_bit_multiplexer.vhd : (54, 11): Unknown identifier "i".
# Error: COMP96_0133: sixteen_bit_multiplexer.vhd : (54, 11): Cannot find object declaration.
# Error: COMP96_0078: sixteen_bit_multiplexer.vhd : (56, 12): Unknown identifier "i".
# Error: COMP96_0133: sixteen_bit_multiplexer.vhd : (56, 12): Cannot find object declaration.
# Error: COMP96_0078: sixteen_bit_multiplexer.vhd : (59, 11): Unknown identifier "i".
# Error: COMP96_0133: sixteen_bit_multiplexer.vhd : (59, 11): Cannot find object declaration.
# Error: COMP96_0078: sixteen_bit_multiplexer.vhd : (60, 11): Unknown identifier "i".
# Error: COMP96_0133: sixteen_bit_multiplexer.vhd : (60, 11): Cannot find object declaration.
# Error: COMP96_0078: sixteen_bit_multiplexer.vhd : (62, 12): Unknown identifier "i".
# Error: COMP96_0133: sixteen_bit_multiplexer.vhd : (62, 12): Cannot find object declaration.
# Error: COMP96_0078: sixteen_bit_multiplexer.vhd : (65, 11): Unknown identifier "i".
# Error: COMP96_0133: sixteen_bit_multiplexer.vhd : (65, 11): Cannot find object declaration.
# Error: COMP96_0078: sixteen_bit_multiplexer.vhd : (66, 11): Unknown identifier "i".
# Error: COMP96_0133: sixteen_bit_multiplexer.vhd : (66, 11): Cannot find object declaration.
# Error: COMP96_0078: sixteen_bit_multiplexer.vhd : (68, 12): Unknown identifier "i".
# Error: COMP96_0133: sixteen_bit_multiplexer.vhd : (68, 12): Cannot find object declaration.
# Error: COMP96_0078: sixteen_bit_multiplexer.vhd : (71, 11): Unknown identifier "i".
# Error: COMP96_0133: sixteen_bit_multiplexer.vhd : (71, 11): Cannot find object declaration.
# Error: COMP96_0078: sixteen_bit_multiplexer.vhd : (72, 11): Unknown identifier "i".
# Error: COMP96_0133: sixteen_bit_multiplexer.vhd : (72, 11): Cannot find object declaration.
# Error: COMP96_0078: sixteen_bit_multiplexer.vhd : (74, 12): Unknown identifier "i".
# Error: COMP96_0133: sixteen_bit_multiplexer.vhd : (74, 12): Cannot find object declaration.
# Error: COMP96_0078: sixteen_bit_multiplexer.vhd : (77, 11): Unknown identifier "i".
# Error: COMP96_0133: sixteen_bit_multiplexer.vhd : (77, 11): Cannot find object declaration.
# Error: COMP96_0078: sixteen_bit_multiplexer.vhd : (78, 11): Unknown identifier "i".
# Error: COMP96_0133: sixteen_bit_multiplexer.vhd : (78, 11): Cannot find object declaration.
# Error: COMP96_0078: sixteen_bit_multiplexer.vhd : (80, 12): Unknown identifier "i".
# Error: COMP96_0133: sixteen_bit_multiplexer.vhd : (80, 12): Cannot find object declaration.
# Error: COMP96_0078: sixteen_bit_multiplexer.vhd : (83, 11): Unknown identifier "i".
# Error: COMP96_0133: sixteen_bit_multiplexer.vhd : (83, 11): Cannot find object declaration.
# Error: COMP96_0078: sixteen_bit_multiplexer.vhd : (84, 11): Unknown identifier "i".
# Error: COMP96_0133: sixteen_bit_multiplexer.vhd : (84, 11): Cannot find object declaration.
# Error: COMP96_0078: sixteen_bit_multiplexer.vhd : (86, 12): Unknown identifier "i".
# Error: COMP96_0133: sixteen_bit_multiplexer.vhd : (86, 12): Cannot find object declaration.
# Error: COMP96_0078: sixteen_bit_multiplexer.vhd : (89, 11): Unknown identifier "i".
# Error: COMP96_0133: sixteen_bit_multiplexer.vhd : (89, 11): Cannot find object declaration.
# Error: COMP96_0078: sixteen_bit_multiplexer.vhd : (90, 11): Unknown identifier "i".
# Error: COMP96_0133: sixteen_bit_multiplexer.vhd : (90, 11): Cannot find object declaration.
# Error: COMP96_0078: sixteen_bit_multiplexer.vhd : (92, 12): Unknown identifier "i".
# Error: COMP96_0133: sixteen_bit_multiplexer.vhd : (92, 12): Cannot find object declaration.
# Error: COMP96_0078: sixteen_bit_multiplexer.vhd : (95, 11): Unknown identifier "i".
# Error: COMP96_0133: sixteen_bit_multiplexer.vhd : (95, 11): Cannot find object declaration.
# Error: COMP96_0078: sixteen_bit_multiplexer.vhd : (96, 11): Unknown identifier "i".
# Error: COMP96_0133: sixteen_bit_multiplexer.vhd : (96, 11): Cannot find object declaration.
# Error: COMP96_0078: sixteen_bit_multiplexer.vhd : (98, 12): Unknown identifier "i".
# Error: COMP96_0133: sixteen_bit_multiplexer.vhd : (98, 12): Cannot find object declaration.
# Error: COMP96_0078: sixteen_bit_multiplexer.vhd : (101, 11): Unknown identifier "i".
# Error: COMP96_0133: sixteen_bit_multiplexer.vhd : (101, 11): Cannot find object declaration.
# Error: COMP96_0078: sixteen_bit_multiplexer.vhd : (102, 11): Unknown identifier "i".
# Error: COMP96_0133: sixteen_bit_multiplexer.vhd : (102, 11): Cannot find object declaration.
# Error: COMP96_0078: sixteen_bit_multiplexer.vhd : (104, 12): Unknown identifier "i".
# Error: COMP96_0133: sixteen_bit_multiplexer.vhd : (104, 12): Cannot find object declaration.
# Error: COMP96_0078: sixteen_bit_multiplexer.vhd : (107, 11): Unknown identifier "i".
# Error: COMP96_0133: sixteen_bit_multiplexer.vhd : (107, 11): Cannot find object declaration.
# Error: COMP96_0078: sixteen_bit_multiplexer.vhd : (108, 11): Unknown identifier "i".
# Error: COMP96_0133: sixteen_bit_multiplexer.vhd : (108, 11): Cannot find object declaration.
# Error: COMP96_0078: sixteen_bit_multiplexer.vhd : (110, 13): Unknown identifier "i".
# Error: COMP96_0133: sixteen_bit_multiplexer.vhd : (110, 13): Cannot find object declaration.
# Error: COMP96_0078: sixteen_bit_multiplexer.vhd : (113, 11): Unknown identifier "i".
# Error: COMP96_0133: sixteen_bit_multiplexer.vhd : (113, 11): Cannot find object declaration.
# Error: COMP96_0078: sixteen_bit_multiplexer.vhd : (114, 11): Unknown identifier "i".
# Error: COMP96_0133: sixteen_bit_multiplexer.vhd : (114, 11): Cannot find object declaration.
# Error: COMP96_0078: sixteen_bit_multiplexer.vhd : (116, 13): Unknown identifier "i".
# Error: COMP96_0133: sixteen_bit_multiplexer.vhd : (116, 13): Cannot find object declaration.
# Error: COMP96_0078: sixteen_bit_multiplexer.vhd : (119, 11): Unknown identifier "i".
# Error: COMP96_0133: sixteen_bit_multiplexer.vhd : (119, 11): Cannot find object declaration.
# Error: COMP96_0078: sixteen_bit_multiplexer.vhd : (120, 11): Unknown identifier "i".
# Error: COMP96_0133: sixteen_bit_multiplexer.vhd : (120, 11): Cannot find object declaration.
# Error: COMP96_0078: sixteen_bit_multiplexer.vhd : (122, 13): Unknown identifier "i".
# Error: COMP96_0133: sixteen_bit_multiplexer.vhd : (122, 13): Cannot find object declaration.
# Error: COMP96_0078: sixteen_bit_multiplexer.vhd : (125, 11): Unknown identifier "i".
# Error: COMP96_0133: sixteen_bit_multiplexer.vhd : (125, 11): Cannot find object declaration.
# Error: COMP96_0078: sixteen_bit_multiplexer.vhd : (126, 11): Unknown identifier "i".
# Error: COMP96_0133: sixteen_bit_multiplexer.vhd : (126, 11): Cannot find object declaration.
# Error: COMP96_0078: sixteen_bit_multiplexer.vhd : (128, 13): Unknown identifier "i".
# Error: COMP96_0133: sixteen_bit_multiplexer.vhd : (128, 13): Cannot find object declaration.
# Error: COMP96_0078: sixteen_bit_multiplexer.vhd : (131, 11): Unknown identifier "i".
# Error: COMP96_0133: sixteen_bit_multiplexer.vhd : (131, 11): Cannot find object declaration.
# Error: COMP96_0078: sixteen_bit_multiplexer.vhd : (132, 11): Unknown identifier "i".
# Error: COMP96_0133: sixteen_bit_multiplexer.vhd : (132, 11): Cannot find object declaration.
# Error: COMP96_0078: sixteen_bit_multiplexer.vhd : (134, 13): Unknown identifier "i".
# Error: COMP96_0133: sixteen_bit_multiplexer.vhd : (134, 13): Cannot find object declaration.
# Error: COMP96_0078: sixteen_bit_multiplexer.vhd : (137, 11): Unknown identifier "i".
# Error: COMP96_0133: sixteen_bit_multiplexer.vhd : (137, 11): Cannot find object declaration.
# Error: COMP96_0078: sixteen_bit_multiplexer.vhd : (138, 11): Unknown identifier "i".
# Error: COMP96_0133: sixteen_bit_multiplexer.vhd : (138, 11): Cannot find object declaration.
# Error: COMP96_0078: sixteen_bit_multiplexer.vhd : (140, 13): Unknown identifier "i".
# Error: COMP96_0133: sixteen_bit_multiplexer.vhd : (140, 13): Cannot find object declaration.
# Error: COMP96_0078: sixteen_bit_multiplexer.vhd : (143, 16): Unknown identifier "sel".
# Error: COMP96_0348: sixteen_bit_multiplexer.vhd : (143, 16): Name on sensitivity list must denote a signal.
# Error: COMP96_0078: sixteen_bit_multiplexer.vhd : (148, 42): Unknown identifier "sel".
# Error: COMP96_0078: sixteen_bit_multiplexer.vhd : (149, 43): Unknown identifier "sel".
# Compile failure 100 Errors 1 Warnings  Analysis time :  62.0 [ms]
acom -O3 -e 100 -work sixteen_bit_multiplexer -2002  $dsn/src/sixteen_bit_multiplexer.vhd
# Warning: DAGGEN_0523: The source is compiled without the -dbg switch. Line breakpoints and assertion debug will not be available.
# File: C:/Users/emily/Git/ece443_project1/Workspace #6/16bit_multiplexer/sixteen_bit_multiplexer/src/sixteen_bit_multiplexer.vhd
# Compile Entity "mux_16bit"
# Compile Architecture "structural" of Entity "mux_16bit"
# Too many errors - compilation terminated
# Warning: ELAB1_0026: sixteen_bit_multiplexer.vhd : (46, 0): There is no default binding for component "mux_1bit". (No entity named "mux_1bit" was found).
# Error: COMP96_0078: sixteen_bit_multiplexer.vhd : (47, 11): Unknown identifier "i".
# Error: COMP96_0133: sixteen_bit_multiplexer.vhd : (47, 11): Cannot find object declaration.
# Error: COMP96_0078: sixteen_bit_multiplexer.vhd : (48, 11): Unknown identifier "i".
# Error: COMP96_0133: sixteen_bit_multiplexer.vhd : (48, 11): Cannot find object declaration.
# Error: COMP96_0078: sixteen_bit_multiplexer.vhd : (50, 12): Unknown identifier "i".
# Error: COMP96_0133: sixteen_bit_multiplexer.vhd : (50, 12): Cannot find object declaration.
# Error: COMP96_0078: sixteen_bit_multiplexer.vhd : (53, 11): Unknown identifier "i".
# Error: COMP96_0133: sixteen_bit_multiplexer.vhd : (53, 11): Cannot find object declaration.
# Error: COMP96_0078: sixteen_bit_multiplexer.vhd : (54, 11): Unknown identifier "i".
# Error: COMP96_0133: sixteen_bit_multiplexer.vhd : (54, 11): Cannot find object declaration.
# Error: COMP96_0078: sixteen_bit_multiplexer.vhd : (56, 12): Unknown identifier "i".
# Error: COMP96_0133: sixteen_bit_multiplexer.vhd : (56, 12): Cannot find object declaration.
# Error: COMP96_0078: sixteen_bit_multiplexer.vhd : (59, 11): Unknown identifier "i".
# Error: COMP96_0133: sixteen_bit_multiplexer.vhd : (59, 11): Cannot find object declaration.
# Error: COMP96_0078: sixteen_bit_multiplexer.vhd : (60, 11): Unknown identifier "i".
# Error: COMP96_0133: sixteen_bit_multiplexer.vhd : (60, 11): Cannot find object declaration.
# Error: COMP96_0078: sixteen_bit_multiplexer.vhd : (62, 12): Unknown identifier "i".
# Error: COMP96_0133: sixteen_bit_multiplexer.vhd : (62, 12): Cannot find object declaration.
# Error: COMP96_0078: sixteen_bit_multiplexer.vhd : (65, 11): Unknown identifier "i".
# Error: COMP96_0133: sixteen_bit_multiplexer.vhd : (65, 11): Cannot find object declaration.
# Error: COMP96_0078: sixteen_bit_multiplexer.vhd : (66, 11): Unknown identifier "i".
# Error: COMP96_0133: sixteen_bit_multiplexer.vhd : (66, 11): Cannot find object declaration.
# Error: COMP96_0078: sixteen_bit_multiplexer.vhd : (68, 12): Unknown identifier "i".
# Error: COMP96_0133: sixteen_bit_multiplexer.vhd : (68, 12): Cannot find object declaration.
# Error: COMP96_0078: sixteen_bit_multiplexer.vhd : (71, 11): Unknown identifier "i".
# Error: COMP96_0133: sixteen_bit_multiplexer.vhd : (71, 11): Cannot find object declaration.
# Error: COMP96_0078: sixteen_bit_multiplexer.vhd : (72, 11): Unknown identifier "i".
# Error: COMP96_0133: sixteen_bit_multiplexer.vhd : (72, 11): Cannot find object declaration.
# Error: COMP96_0078: sixteen_bit_multiplexer.vhd : (74, 12): Unknown identifier "i".
# Error: COMP96_0133: sixteen_bit_multiplexer.vhd : (74, 12): Cannot find object declaration.
# Error: COMP96_0078: sixteen_bit_multiplexer.vhd : (77, 11): Unknown identifier "i".
# Error: COMP96_0133: sixteen_bit_multiplexer.vhd : (77, 11): Cannot find object declaration.
# Error: COMP96_0078: sixteen_bit_multiplexer.vhd : (78, 11): Unknown identifier "i".
# Error: COMP96_0133: sixteen_bit_multiplexer.vhd : (78, 11): Cannot find object declaration.
# Error: COMP96_0078: sixteen_bit_multiplexer.vhd : (80, 12): Unknown identifier "i".
# Error: COMP96_0133: sixteen_bit_multiplexer.vhd : (80, 12): Cannot find object declaration.
# Error: COMP96_0078: sixteen_bit_multiplexer.vhd : (83, 11): Unknown identifier "i".
# Error: COMP96_0133: sixteen_bit_multiplexer.vhd : (83, 11): Cannot find object declaration.
# Error: COMP96_0078: sixteen_bit_multiplexer.vhd : (84, 11): Unknown identifier "i".
# Error: COMP96_0133: sixteen_bit_multiplexer.vhd : (84, 11): Cannot find object declaration.
# Error: COMP96_0078: sixteen_bit_multiplexer.vhd : (86, 12): Unknown identifier "i".
# Error: COMP96_0133: sixteen_bit_multiplexer.vhd : (86, 12): Cannot find object declaration.
# Error: COMP96_0078: sixteen_bit_multiplexer.vhd : (89, 11): Unknown identifier "i".
# Error: COMP96_0133: sixteen_bit_multiplexer.vhd : (89, 11): Cannot find object declaration.
# Error: COMP96_0078: sixteen_bit_multiplexer.vhd : (90, 11): Unknown identifier "i".
# Error: COMP96_0133: sixteen_bit_multiplexer.vhd : (90, 11): Cannot find object declaration.
# Error: COMP96_0078: sixteen_bit_multiplexer.vhd : (92, 12): Unknown identifier "i".
# Error: COMP96_0133: sixteen_bit_multiplexer.vhd : (92, 12): Cannot find object declaration.
# Error: COMP96_0078: sixteen_bit_multiplexer.vhd : (95, 11): Unknown identifier "i".
# Error: COMP96_0133: sixteen_bit_multiplexer.vhd : (95, 11): Cannot find object declaration.
# Error: COMP96_0078: sixteen_bit_multiplexer.vhd : (96, 11): Unknown identifier "i".
# Error: COMP96_0133: sixteen_bit_multiplexer.vhd : (96, 11): Cannot find object declaration.
# Error: COMP96_0078: sixteen_bit_multiplexer.vhd : (98, 12): Unknown identifier "i".
# Error: COMP96_0133: sixteen_bit_multiplexer.vhd : (98, 12): Cannot find object declaration.
# Error: COMP96_0078: sixteen_bit_multiplexer.vhd : (101, 11): Unknown identifier "i".
# Error: COMP96_0133: sixteen_bit_multiplexer.vhd : (101, 11): Cannot find object declaration.
# Error: COMP96_0078: sixteen_bit_multiplexer.vhd : (102, 11): Unknown identifier "i".
# Error: COMP96_0133: sixteen_bit_multiplexer.vhd : (102, 11): Cannot find object declaration.
# Error: COMP96_0078: sixteen_bit_multiplexer.vhd : (104, 12): Unknown identifier "i".
# Error: COMP96_0133: sixteen_bit_multiplexer.vhd : (104, 12): Cannot find object declaration.
# Error: COMP96_0078: sixteen_bit_multiplexer.vhd : (107, 11): Unknown identifier "i".
# Error: COMP96_0133: sixteen_bit_multiplexer.vhd : (107, 11): Cannot find object declaration.
# Error: COMP96_0078: sixteen_bit_multiplexer.vhd : (108, 11): Unknown identifier "i".
# Error: COMP96_0133: sixteen_bit_multiplexer.vhd : (108, 11): Cannot find object declaration.
# Error: COMP96_0078: sixteen_bit_multiplexer.vhd : (110, 13): Unknown identifier "i".
# Error: COMP96_0133: sixteen_bit_multiplexer.vhd : (110, 13): Cannot find object declaration.
# Error: COMP96_0078: sixteen_bit_multiplexer.vhd : (113, 11): Unknown identifier "i".
# Error: COMP96_0133: sixteen_bit_multiplexer.vhd : (113, 11): Cannot find object declaration.
# Error: COMP96_0078: sixteen_bit_multiplexer.vhd : (114, 11): Unknown identifier "i".
# Error: COMP96_0133: sixteen_bit_multiplexer.vhd : (114, 11): Cannot find object declaration.
# Error: COMP96_0078: sixteen_bit_multiplexer.vhd : (116, 13): Unknown identifier "i".
# Error: COMP96_0133: sixteen_bit_multiplexer.vhd : (116, 13): Cannot find object declaration.
# Error: COMP96_0078: sixteen_bit_multiplexer.vhd : (119, 11): Unknown identifier "i".
# Error: COMP96_0133: sixteen_bit_multiplexer.vhd : (119, 11): Cannot find object declaration.
# Error: COMP96_0078: sixteen_bit_multiplexer.vhd : (120, 11): Unknown identifier "i".
# Error: COMP96_0133: sixteen_bit_multiplexer.vhd : (120, 11): Cannot find object declaration.
# Error: COMP96_0078: sixteen_bit_multiplexer.vhd : (122, 13): Unknown identifier "i".
# Error: COMP96_0133: sixteen_bit_multiplexer.vhd : (122, 13): Cannot find object declaration.
# Error: COMP96_0078: sixteen_bit_multiplexer.vhd : (125, 11): Unknown identifier "i".
# Error: COMP96_0133: sixteen_bit_multiplexer.vhd : (125, 11): Cannot find object declaration.
# Error: COMP96_0078: sixteen_bit_multiplexer.vhd : (126, 11): Unknown identifier "i".
# Error: COMP96_0133: sixteen_bit_multiplexer.vhd : (126, 11): Cannot find object declaration.
# Error: COMP96_0078: sixteen_bit_multiplexer.vhd : (128, 13): Unknown identifier "i".
# Error: COMP96_0133: sixteen_bit_multiplexer.vhd : (128, 13): Cannot find object declaration.
# Error: COMP96_0078: sixteen_bit_multiplexer.vhd : (131, 11): Unknown identifier "i".
# Error: COMP96_0133: sixteen_bit_multiplexer.vhd : (131, 11): Cannot find object declaration.
# Error: COMP96_0078: sixteen_bit_multiplexer.vhd : (132, 11): Unknown identifier "i".
# Error: COMP96_0133: sixteen_bit_multiplexer.vhd : (132, 11): Cannot find object declaration.
# Error: COMP96_0078: sixteen_bit_multiplexer.vhd : (134, 13): Unknown identifier "i".
# Error: COMP96_0133: sixteen_bit_multiplexer.vhd : (134, 13): Cannot find object declaration.
# Error: COMP96_0078: sixteen_bit_multiplexer.vhd : (137, 11): Unknown identifier "i".
# Error: COMP96_0133: sixteen_bit_multiplexer.vhd : (137, 11): Cannot find object declaration.
# Error: COMP96_0078: sixteen_bit_multiplexer.vhd : (138, 11): Unknown identifier "i".
# Error: COMP96_0133: sixteen_bit_multiplexer.vhd : (138, 11): Cannot find object declaration.
# Error: COMP96_0078: sixteen_bit_multiplexer.vhd : (140, 13): Unknown identifier "i".
# Error: COMP96_0133: sixteen_bit_multiplexer.vhd : (140, 13): Cannot find object declaration.
# Error: COMP96_0078: sixteen_bit_multiplexer.vhd : (143, 16): Unknown identifier "s".
# Error: COMP96_0348: sixteen_bit_multiplexer.vhd : (143, 16): Name on sensitivity list must denote a signal.
# Error: COMP96_0078: sixteen_bit_multiplexer.vhd : (148, 42): Unknown identifier "sel".
# Error: COMP96_0078: sixteen_bit_multiplexer.vhd : (149, 43): Unknown identifier "sel".
# Compile failure 100 Errors 1 Warnings  Analysis time :  16.0 [ms]
acom -O3 -e 100 -work sixteen_bit_multiplexer -2002  $dsn/src/sixteen_bit_multiplexer.vhd
# Warning: DAGGEN_0523: The source is compiled without the -dbg switch. Line breakpoints and assertion debug will not be available.
# File: C:/Users/emily/Git/ece443_project1/Workspace #6/16bit_multiplexer/sixteen_bit_multiplexer/src/sixteen_bit_multiplexer.vhd
# Compile Entity "mux_16bit"
# Compile Architecture "structural" of Entity "mux_16bit"
# Warning: ELAB1_0026: sixteen_bit_multiplexer.vhd : (49, 0): There is no default binding for component "mux_1bit". (No entity named "mux_1bit" was found).
# Error: COMP96_0228: sixteen_bit_multiplexer.vhd : (50, 9): The actual must be denoted by a static signal name if the actual is associated with an interface signal.
# Error: COMP96_0228: sixteen_bit_multiplexer.vhd : (51, 9): The actual must be denoted by a static signal name if the actual is associated with an interface signal.
# Error: COMP96_0090: sixteen_bit_multiplexer.vhd : (53, 7): Expected array type.
# Error: COMP96_0078: sixteen_bit_multiplexer.vhd : (58, 2): Unknown identifier "sel".
# Error: COMP96_0228: sixteen_bit_multiplexer.vhd : (56, 9): The actual must be denoted by a static signal name if the actual is associated with an interface signal.
# Error: COMP96_0228: sixteen_bit_multiplexer.vhd : (57, 9): The actual must be denoted by a static signal name if the actual is associated with an interface signal.
# Error: COMP96_0133: sixteen_bit_multiplexer.vhd : (58, 2): Cannot find object declaration.
# Error: COMP96_0112: sixteen_bit_multiplexer.vhd : (58, 2): "sel" does not match the formal name.
# Error: COMP96_0207: sixteen_bit_multiplexer.vhd : (55, 3): No actual specified for local port "s".
# Error: COMP96_0228: sixteen_bit_multiplexer.vhd : (62, 9): The actual must be denoted by a static signal name if the actual is associated with an interface signal.
# Error: COMP96_0228: sixteen_bit_multiplexer.vhd : (63, 9): The actual must be denoted by a static signal name if the actual is associated with an interface signal.
# Error: COMP96_0090: sixteen_bit_multiplexer.vhd : (65, 7): Expected array type.
# Error: COMP96_0228: sixteen_bit_multiplexer.vhd : (68, 9): The actual must be denoted by a static signal name if the actual is associated with an interface signal.
# Error: COMP96_0228: sixteen_bit_multiplexer.vhd : (69, 9): The actual must be denoted by a static signal name if the actual is associated with an interface signal.
# Error: COMP96_0090: sixteen_bit_multiplexer.vhd : (71, 7): Expected array type.
# Error: COMP96_0228: sixteen_bit_multiplexer.vhd : (74, 9): The actual must be denoted by a static signal name if the actual is associated with an interface signal.
# Error: COMP96_0228: sixteen_bit_multiplexer.vhd : (75, 9): The actual must be denoted by a static signal name if the actual is associated with an interface signal.
# Error: COMP96_0090: sixteen_bit_multiplexer.vhd : (77, 7): Expected array type.
# Error: COMP96_0228: sixteen_bit_multiplexer.vhd : (80, 9): The actual must be denoted by a static signal name if the actual is associated with an interface signal.
# Error: COMP96_0228: sixteen_bit_multiplexer.vhd : (81, 9): The actual must be denoted by a static signal name if the actual is associated with an interface signal.
# Error: COMP96_0090: sixteen_bit_multiplexer.vhd : (83, 7): Expected array type.
# Error: COMP96_0228: sixteen_bit_multiplexer.vhd : (86, 9): The actual must be denoted by a static signal name if the actual is associated with an interface signal.
# Error: COMP96_0228: sixteen_bit_multiplexer.vhd : (87, 9): The actual must be denoted by a static signal name if the actual is associated with an interface signal.
# Error: COMP96_0090: sixteen_bit_multiplexer.vhd : (89, 7): Expected array type.
# Error: COMP96_0228: sixteen_bit_multiplexer.vhd : (92, 9): The actual must be denoted by a static signal name if the actual is associated with an interface signal.
# Error: COMP96_0228: sixteen_bit_multiplexer.vhd : (93, 9): The actual must be denoted by a static signal name if the actual is associated with an interface signal.
# Error: COMP96_0090: sixteen_bit_multiplexer.vhd : (95, 7): Expected array type.
# Error: COMP96_0228: sixteen_bit_multiplexer.vhd : (98, 9): The actual must be denoted by a static signal name if the actual is associated with an interface signal.
# Error: COMP96_0228: sixteen_bit_multiplexer.vhd : (99, 9): The actual must be denoted by a static signal name if the actual is associated with an interface signal.
# Error: COMP96_0090: sixteen_bit_multiplexer.vhd : (101, 7): Expected array type.
# Error: COMP96_0228: sixteen_bit_multiplexer.vhd : (104, 9): The actual must be denoted by a static signal name if the actual is associated with an interface signal.
# Error: COMP96_0228: sixteen_bit_multiplexer.vhd : (105, 9): The actual must be denoted by a static signal name if the actual is associated with an interface signal.
# Error: COMP96_0090: sixteen_bit_multiplexer.vhd : (107, 7): Expected array type.
# Error: COMP96_0228: sixteen_bit_multiplexer.vhd : (110, 9): The actual must be denoted by a static signal name if the actual is associated with an interface signal.
# Error: COMP96_0228: sixteen_bit_multiplexer.vhd : (111, 9): The actual must be denoted by a static signal name if the actual is associated with an interface signal.
# Error: COMP96_0090: sixteen_bit_multiplexer.vhd : (113, 7): Expected array type.
# Error: COMP96_0228: sixteen_bit_multiplexer.vhd : (116, 9): The actual must be denoted by a static signal name if the actual is associated with an interface signal.
# Error: COMP96_0228: sixteen_bit_multiplexer.vhd : (117, 9): The actual must be denoted by a static signal name if the actual is associated with an interface signal.
# Error: COMP96_0090: sixteen_bit_multiplexer.vhd : (119, 7): Expected array type.
# Error: COMP96_0228: sixteen_bit_multiplexer.vhd : (122, 9): The actual must be denoted by a static signal name if the actual is associated with an interface signal.
# Error: COMP96_0228: sixteen_bit_multiplexer.vhd : (123, 9): The actual must be denoted by a static signal name if the actual is associated with an interface signal.
# Error: COMP96_0090: sixteen_bit_multiplexer.vhd : (125, 7): Expected array type.
# Error: COMP96_0228: sixteen_bit_multiplexer.vhd : (128, 9): The actual must be denoted by a static signal name if the actual is associated with an interface signal.
# Error: COMP96_0228: sixteen_bit_multiplexer.vhd : (129, 9): The actual must be denoted by a static signal name if the actual is associated with an interface signal.
# Error: COMP96_0090: sixteen_bit_multiplexer.vhd : (131, 7): Expected array type.
# Error: COMP96_0228: sixteen_bit_multiplexer.vhd : (134, 9): The actual must be denoted by a static signal name if the actual is associated with an interface signal.
# Error: COMP96_0228: sixteen_bit_multiplexer.vhd : (135, 9): The actual must be denoted by a static signal name if the actual is associated with an interface signal.
# Error: COMP96_0090: sixteen_bit_multiplexer.vhd : (137, 7): Expected array type.
# Error: COMP96_0228: sixteen_bit_multiplexer.vhd : (140, 9): The actual must be denoted by a static signal name if the actual is associated with an interface signal.
# Error: COMP96_0228: sixteen_bit_multiplexer.vhd : (141, 9): The actual must be denoted by a static signal name if the actual is associated with an interface signal.
# Error: COMP96_0090: sixteen_bit_multiplexer.vhd : (143, 7): Expected array type.
# Compile failure 51 Errors 1 Warnings  Analysis time :  16.0 [ms]
acom -O3 -e 100 -work sixteen_bit_multiplexer -2002  $dsn/src/sixteen_bit_multiplexer.vhd
# Warning: DAGGEN_0523: The source is compiled without the -dbg switch. Line breakpoints and assertion debug will not be available.
# File: C:/Users/emily/Git/ece443_project1/Workspace #6/16bit_multiplexer/sixteen_bit_multiplexer/src/sixteen_bit_multiplexer.vhd
# Compile Entity "mux_16bit"
# Compile Architecture "structural" of Entity "mux_16bit"
# Error: COMP96_0078: sixteen_bit_multiplexer.vhd : (49, 10): Unknown identifier "mux_1bit".
# Error: COMP96_0134: sixteen_bit_multiplexer.vhd : (49, 10): Cannot find component declaration.
# Error: COMP96_0078: sixteen_bit_multiplexer.vhd : (55, 10): Unknown identifier "mux_1bit".
# Error: COMP96_0134: sixteen_bit_multiplexer.vhd : (55, 10): Cannot find component declaration.
# Error: COMP96_0078: sixteen_bit_multiplexer.vhd : (61, 10): Unknown identifier "mux_1bit".
# Error: COMP96_0134: sixteen_bit_multiplexer.vhd : (61, 10): Cannot find component declaration.
# Error: COMP96_0078: sixteen_bit_multiplexer.vhd : (67, 10): Unknown identifier "mux_1bit".
# Error: COMP96_0134: sixteen_bit_multiplexer.vhd : (67, 10): Cannot find component declaration.
# Error: COMP96_0078: sixteen_bit_multiplexer.vhd : (73, 10): Unknown identifier "mux_1bit".
# Error: COMP96_0134: sixteen_bit_multiplexer.vhd : (73, 10): Cannot find component declaration.
# Error: COMP96_0078: sixteen_bit_multiplexer.vhd : (79, 10): Unknown identifier "mux_1bit".
# Error: COMP96_0134: sixteen_bit_multiplexer.vhd : (79, 10): Cannot find component declaration.
# Error: COMP96_0078: sixteen_bit_multiplexer.vhd : (85, 10): Unknown identifier "mux_1bit".
# Error: COMP96_0134: sixteen_bit_multiplexer.vhd : (85, 10): Cannot find component declaration.
# Error: COMP96_0078: sixteen_bit_multiplexer.vhd : (91, 10): Unknown identifier "mux_1bit".
# Error: COMP96_0134: sixteen_bit_multiplexer.vhd : (91, 10): Cannot find component declaration.
# Error: COMP96_0078: sixteen_bit_multiplexer.vhd : (97, 10): Unknown identifier "mux_1bit".
# Error: COMP96_0134: sixteen_bit_multiplexer.vhd : (97, 10): Cannot find component declaration.
# Error: COMP96_0078: sixteen_bit_multiplexer.vhd : (103, 10): Unknown identifier "mux_1bit".
# Error: COMP96_0134: sixteen_bit_multiplexer.vhd : (103, 10): Cannot find component declaration.
# Error: COMP96_0078: sixteen_bit_multiplexer.vhd : (109, 11): Unknown identifier "mux_1bit".
# Error: COMP96_0134: sixteen_bit_multiplexer.vhd : (109, 11): Cannot find component declaration.
# Error: COMP96_0078: sixteen_bit_multiplexer.vhd : (115, 11): Unknown identifier "mux_1bit".
# Error: COMP96_0134: sixteen_bit_multiplexer.vhd : (115, 11): Cannot find component declaration.
# Error: COMP96_0078: sixteen_bit_multiplexer.vhd : (121, 11): Unknown identifier "mux_1bit".
# Error: COMP96_0134: sixteen_bit_multiplexer.vhd : (121, 11): Cannot find component declaration.
# Error: COMP96_0078: sixteen_bit_multiplexer.vhd : (127, 11): Unknown identifier "mux_1bit".
# Error: COMP96_0134: sixteen_bit_multiplexer.vhd : (127, 11): Cannot find component declaration.
# Error: COMP96_0078: sixteen_bit_multiplexer.vhd : (133, 11): Unknown identifier "mux_1bit".
# Error: COMP96_0134: sixteen_bit_multiplexer.vhd : (133, 11): Cannot find component declaration.
# Error: COMP96_0078: sixteen_bit_multiplexer.vhd : (139, 11): Unknown identifier "mux_1bit".
# Error: COMP96_0134: sixteen_bit_multiplexer.vhd : (139, 11): Cannot find component declaration.
# Compile failure 32 Errors 0 Warnings  Analysis time :  0.0 [ms]
acom -O3 -e 100 -work sixteen_bit_multiplexer -2002  $dsn/src/sixteen_bit_multiplexer.vhd
# Warning: DAGGEN_0523: The source is compiled without the -dbg switch. Line breakpoints and assertion debug will not be available.
# File: C:/Users/emily/Git/ece443_project1/Workspace #6/16bit_multiplexer/sixteen_bit_multiplexer/src/sixteen_bit_multiplexer.vhd
# Compile Entity "mux_16bit"
# Compile Architecture "structural" of Entity "mux_16bit"
# Warning: ELAB1_0026: sixteen_bit_multiplexer.vhd : (58, 0): There is no default binding for component "mux_1bit". (No entity named "mux_1bit" was found).
# Error: COMP96_0228: sixteen_bit_multiplexer.vhd : (59, 9): The actual must be denoted by a static signal name if the actual is associated with an interface signal.
# Error: COMP96_0228: sixteen_bit_multiplexer.vhd : (60, 9): The actual must be denoted by a static signal name if the actual is associated with an interface signal.
# Error: COMP96_0090: sixteen_bit_multiplexer.vhd : (62, 7): Expected array type.
# Error: COMP96_0078: sixteen_bit_multiplexer.vhd : (67, 2): Unknown identifier "sel".
# Error: COMP96_0228: sixteen_bit_multiplexer.vhd : (65, 9): The actual must be denoted by a static signal name if the actual is associated with an interface signal.
# Error: COMP96_0228: sixteen_bit_multiplexer.vhd : (66, 9): The actual must be denoted by a static signal name if the actual is associated with an interface signal.
# Error: COMP96_0133: sixteen_bit_multiplexer.vhd : (67, 2): Cannot find object declaration.
# Error: COMP96_0112: sixteen_bit_multiplexer.vhd : (67, 2): "sel" does not match the formal name.
# Error: COMP96_0207: sixteen_bit_multiplexer.vhd : (64, 3): No actual specified for local port "s".
# Error: COMP96_0228: sixteen_bit_multiplexer.vhd : (71, 9): The actual must be denoted by a static signal name if the actual is associated with an interface signal.
# Error: COMP96_0228: sixteen_bit_multiplexer.vhd : (72, 9): The actual must be denoted by a static signal name if the actual is associated with an interface signal.
# Error: COMP96_0090: sixteen_bit_multiplexer.vhd : (74, 7): Expected array type.
# Error: COMP96_0228: sixteen_bit_multiplexer.vhd : (77, 9): The actual must be denoted by a static signal name if the actual is associated with an interface signal.
# Error: COMP96_0228: sixteen_bit_multiplexer.vhd : (78, 9): The actual must be denoted by a static signal name if the actual is associated with an interface signal.
# Error: COMP96_0090: sixteen_bit_multiplexer.vhd : (80, 7): Expected array type.
# Error: COMP96_0228: sixteen_bit_multiplexer.vhd : (83, 9): The actual must be denoted by a static signal name if the actual is associated with an interface signal.
# Error: COMP96_0228: sixteen_bit_multiplexer.vhd : (84, 9): The actual must be denoted by a static signal name if the actual is associated with an interface signal.
# Error: COMP96_0090: sixteen_bit_multiplexer.vhd : (86, 7): Expected array type.
# Error: COMP96_0228: sixteen_bit_multiplexer.vhd : (89, 9): The actual must be denoted by a static signal name if the actual is associated with an interface signal.
# Error: COMP96_0228: sixteen_bit_multiplexer.vhd : (90, 9): The actual must be denoted by a static signal name if the actual is associated with an interface signal.
# Error: COMP96_0090: sixteen_bit_multiplexer.vhd : (92, 7): Expected array type.
# Error: COMP96_0228: sixteen_bit_multiplexer.vhd : (95, 9): The actual must be denoted by a static signal name if the actual is associated with an interface signal.
# Error: COMP96_0228: sixteen_bit_multiplexer.vhd : (96, 9): The actual must be denoted by a static signal name if the actual is associated with an interface signal.
# Error: COMP96_0090: sixteen_bit_multiplexer.vhd : (98, 7): Expected array type.
# Error: COMP96_0228: sixteen_bit_multiplexer.vhd : (101, 9): The actual must be denoted by a static signal name if the actual is associated with an interface signal.
# Error: COMP96_0228: sixteen_bit_multiplexer.vhd : (102, 9): The actual must be denoted by a static signal name if the actual is associated with an interface signal.
# Error: COMP96_0090: sixteen_bit_multiplexer.vhd : (104, 7): Expected array type.
# Error: COMP96_0228: sixteen_bit_multiplexer.vhd : (107, 9): The actual must be denoted by a static signal name if the actual is associated with an interface signal.
# Error: COMP96_0228: sixteen_bit_multiplexer.vhd : (108, 9): The actual must be denoted by a static signal name if the actual is associated with an interface signal.
# Error: COMP96_0090: sixteen_bit_multiplexer.vhd : (110, 7): Expected array type.
# Error: COMP96_0228: sixteen_bit_multiplexer.vhd : (113, 9): The actual must be denoted by a static signal name if the actual is associated with an interface signal.
# Error: COMP96_0228: sixteen_bit_multiplexer.vhd : (114, 9): The actual must be denoted by a static signal name if the actual is associated with an interface signal.
# Error: COMP96_0090: sixteen_bit_multiplexer.vhd : (116, 7): Expected array type.
# Error: COMP96_0228: sixteen_bit_multiplexer.vhd : (119, 9): The actual must be denoted by a static signal name if the actual is associated with an interface signal.
# Error: COMP96_0228: sixteen_bit_multiplexer.vhd : (120, 9): The actual must be denoted by a static signal name if the actual is associated with an interface signal.
# Error: COMP96_0090: sixteen_bit_multiplexer.vhd : (122, 7): Expected array type.
# Error: COMP96_0228: sixteen_bit_multiplexer.vhd : (125, 9): The actual must be denoted by a static signal name if the actual is associated with an interface signal.
# Error: COMP96_0228: sixteen_bit_multiplexer.vhd : (126, 9): The actual must be denoted by a static signal name if the actual is associated with an interface signal.
# Error: COMP96_0090: sixteen_bit_multiplexer.vhd : (128, 7): Expected array type.
# Error: COMP96_0228: sixteen_bit_multiplexer.vhd : (131, 9): The actual must be denoted by a static signal name if the actual is associated with an interface signal.
# Error: COMP96_0228: sixteen_bit_multiplexer.vhd : (132, 9): The actual must be denoted by a static signal name if the actual is associated with an interface signal.
# Error: COMP96_0090: sixteen_bit_multiplexer.vhd : (134, 7): Expected array type.
# Error: COMP96_0228: sixteen_bit_multiplexer.vhd : (137, 9): The actual must be denoted by a static signal name if the actual is associated with an interface signal.
# Error: COMP96_0228: sixteen_bit_multiplexer.vhd : (138, 9): The actual must be denoted by a static signal name if the actual is associated with an interface signal.
# Error: COMP96_0090: sixteen_bit_multiplexer.vhd : (140, 7): Expected array type.
# Error: COMP96_0228: sixteen_bit_multiplexer.vhd : (143, 9): The actual must be denoted by a static signal name if the actual is associated with an interface signal.
# Error: COMP96_0228: sixteen_bit_multiplexer.vhd : (144, 9): The actual must be denoted by a static signal name if the actual is associated with an interface signal.
# Error: COMP96_0090: sixteen_bit_multiplexer.vhd : (146, 7): Expected array type.
# Error: COMP96_0228: sixteen_bit_multiplexer.vhd : (149, 9): The actual must be denoted by a static signal name if the actual is associated with an interface signal.
# Error: COMP96_0228: sixteen_bit_multiplexer.vhd : (150, 9): The actual must be denoted by a static signal name if the actual is associated with an interface signal.
# Error: COMP96_0090: sixteen_bit_multiplexer.vhd : (152, 7): Expected array type.
# Compile failure 51 Errors 1 Warnings  Analysis time :  16.0 [ms]
acom -O3 -e 100 -work sixteen_bit_multiplexer -2002  $dsn/src/sixteen_bit_multiplexer.vhd
# Warning: DAGGEN_0523: The source is compiled without the -dbg switch. Line breakpoints and assertion debug will not be available.
# File: C:/Users/emily/Git/ece443_project1/Workspace #6/16bit_multiplexer/sixteen_bit_multiplexer/src/sixteen_bit_multiplexer.vhd
# Compile Entity "mux_16bit"
# Compile Architecture "structural" of Entity "mux_16bit"
# Error: COMP96_0122: sixteen_bit_multiplexer.vhd : (45, 1): Symbol "A" has already been declared in this scope.
# Error: COMP96_0122: sixteen_bit_multiplexer.vhd : (46, 1): Symbol "B" has already been declared in this scope.
# Error: COMP96_0228: sixteen_bit_multiplexer.vhd : (59, 9): The actual must be denoted by a static signal name if the actual is associated with an interface signal.
# Error: COMP96_0228: sixteen_bit_multiplexer.vhd : (60, 9): The actual must be denoted by a static signal name if the actual is associated with an interface signal.
# Error: COMP96_0090: sixteen_bit_multiplexer.vhd : (62, 7): Expected array type.
# Error: COMP96_0078: sixteen_bit_multiplexer.vhd : (67, 2): Unknown identifier "sel".
# Error: COMP96_0228: sixteen_bit_multiplexer.vhd : (65, 9): The actual must be denoted by a static signal name if the actual is associated with an interface signal.
# Error: COMP96_0228: sixteen_bit_multiplexer.vhd : (66, 9): The actual must be denoted by a static signal name if the actual is associated with an interface signal.
# Error: COMP96_0133: sixteen_bit_multiplexer.vhd : (67, 2): Cannot find object declaration.
# Error: COMP96_0112: sixteen_bit_multiplexer.vhd : (67, 2): "sel" does not match the formal name.
# Error: COMP96_0207: sixteen_bit_multiplexer.vhd : (64, 3): No actual specified for local port "s".
# Error: COMP96_0228: sixteen_bit_multiplexer.vhd : (71, 9): The actual must be denoted by a static signal name if the actual is associated with an interface signal.
# Error: COMP96_0228: sixteen_bit_multiplexer.vhd : (72, 9): The actual must be denoted by a static signal name if the actual is associated with an interface signal.
# Error: COMP96_0090: sixteen_bit_multiplexer.vhd : (74, 7): Expected array type.
# Error: COMP96_0228: sixteen_bit_multiplexer.vhd : (77, 9): The actual must be denoted by a static signal name if the actual is associated with an interface signal.
# Error: COMP96_0228: sixteen_bit_multiplexer.vhd : (78, 9): The actual must be denoted by a static signal name if the actual is associated with an interface signal.
# Error: COMP96_0090: sixteen_bit_multiplexer.vhd : (80, 7): Expected array type.
# Error: COMP96_0228: sixteen_bit_multiplexer.vhd : (83, 9): The actual must be denoted by a static signal name if the actual is associated with an interface signal.
# Error: COMP96_0228: sixteen_bit_multiplexer.vhd : (84, 9): The actual must be denoted by a static signal name if the actual is associated with an interface signal.
# Error: COMP96_0090: sixteen_bit_multiplexer.vhd : (86, 7): Expected array type.
# Error: COMP96_0228: sixteen_bit_multiplexer.vhd : (89, 9): The actual must be denoted by a static signal name if the actual is associated with an interface signal.
# Error: COMP96_0228: sixteen_bit_multiplexer.vhd : (90, 9): The actual must be denoted by a static signal name if the actual is associated with an interface signal.
# Error: COMP96_0090: sixteen_bit_multiplexer.vhd : (92, 7): Expected array type.
# Error: COMP96_0228: sixteen_bit_multiplexer.vhd : (95, 9): The actual must be denoted by a static signal name if the actual is associated with an interface signal.
# Error: COMP96_0228: sixteen_bit_multiplexer.vhd : (96, 9): The actual must be denoted by a static signal name if the actual is associated with an interface signal.
# Error: COMP96_0090: sixteen_bit_multiplexer.vhd : (98, 7): Expected array type.
# Error: COMP96_0228: sixteen_bit_multiplexer.vhd : (101, 9): The actual must be denoted by a static signal name if the actual is associated with an interface signal.
# Error: COMP96_0228: sixteen_bit_multiplexer.vhd : (102, 9): The actual must be denoted by a static signal name if the actual is associated with an interface signal.
# Error: COMP96_0090: sixteen_bit_multiplexer.vhd : (104, 7): Expected array type.
# Error: COMP96_0228: sixteen_bit_multiplexer.vhd : (107, 9): The actual must be denoted by a static signal name if the actual is associated with an interface signal.
# Error: COMP96_0228: sixteen_bit_multiplexer.vhd : (108, 9): The actual must be denoted by a static signal name if the actual is associated with an interface signal.
# Error: COMP96_0090: sixteen_bit_multiplexer.vhd : (110, 7): Expected array type.
# Error: COMP96_0228: sixteen_bit_multiplexer.vhd : (113, 9): The actual must be denoted by a static signal name if the actual is associated with an interface signal.
# Error: COMP96_0228: sixteen_bit_multiplexer.vhd : (114, 9): The actual must be denoted by a static signal name if the actual is associated with an interface signal.
# Error: COMP96_0090: sixteen_bit_multiplexer.vhd : (116, 7): Expected array type.
# Error: COMP96_0228: sixteen_bit_multiplexer.vhd : (119, 9): The actual must be denoted by a static signal name if the actual is associated with an interface signal.
# Error: COMP96_0228: sixteen_bit_multiplexer.vhd : (120, 9): The actual must be denoted by a static signal name if the actual is associated with an interface signal.
# Error: COMP96_0090: sixteen_bit_multiplexer.vhd : (122, 7): Expected array type.
# Error: COMP96_0228: sixteen_bit_multiplexer.vhd : (125, 9): The actual must be denoted by a static signal name if the actual is associated with an interface signal.
# Error: COMP96_0228: sixteen_bit_multiplexer.vhd : (126, 9): The actual must be denoted by a static signal name if the actual is associated with an interface signal.
# Error: COMP96_0090: sixteen_bit_multiplexer.vhd : (128, 7): Expected array type.
# Error: COMP96_0228: sixteen_bit_multiplexer.vhd : (131, 9): The actual must be denoted by a static signal name if the actual is associated with an interface signal.
# Error: COMP96_0228: sixteen_bit_multiplexer.vhd : (132, 9): The actual must be denoted by a static signal name if the actual is associated with an interface signal.
# Error: COMP96_0090: sixteen_bit_multiplexer.vhd : (134, 7): Expected array type.
# Error: COMP96_0228: sixteen_bit_multiplexer.vhd : (137, 9): The actual must be denoted by a static signal name if the actual is associated with an interface signal.
# Error: COMP96_0228: sixteen_bit_multiplexer.vhd : (138, 9): The actual must be denoted by a static signal name if the actual is associated with an interface signal.
# Error: COMP96_0090: sixteen_bit_multiplexer.vhd : (140, 7): Expected array type.
# Error: COMP96_0228: sixteen_bit_multiplexer.vhd : (143, 9): The actual must be denoted by a static signal name if the actual is associated with an interface signal.
# Error: COMP96_0228: sixteen_bit_multiplexer.vhd : (144, 9): The actual must be denoted by a static signal name if the actual is associated with an interface signal.
# Error: COMP96_0090: sixteen_bit_multiplexer.vhd : (146, 7): Expected array type.
# Error: COMP96_0228: sixteen_bit_multiplexer.vhd : (149, 9): The actual must be denoted by a static signal name if the actual is associated with an interface signal.
# Error: COMP96_0228: sixteen_bit_multiplexer.vhd : (150, 9): The actual must be denoted by a static signal name if the actual is associated with an interface signal.
# Error: COMP96_0090: sixteen_bit_multiplexer.vhd : (152, 7): Expected array type.
# Compile failure 53 Errors 0 Warnings  Analysis time :  15.0 [ms]
acom -O3 -e 100 -work sixteen_bit_multiplexer -2002  $dsn/src/sixteen_bit_multiplexer.vhd
# Warning: DAGGEN_0523: The source is compiled without the -dbg switch. Line breakpoints and assertion debug will not be available.
# File: C:/Users/emily/Git/ece443_project1/Workspace #6/16bit_multiplexer/sixteen_bit_multiplexer/src/sixteen_bit_multiplexer.vhd
# Compile Entity "mux_16bit"
# Compile Architecture "structural" of Entity "mux_16bit"
# Warning: ELAB1_0026: sixteen_bit_multiplexer.vhd : (58, 0): There is no default binding for component "mux_1bit". (No entity named "mux_1bit" was found).
# Error: COMP96_0228: sixteen_bit_multiplexer.vhd : (59, 9): The actual must be denoted by a static signal name if the actual is associated with an interface signal.
# Error: COMP96_0228: sixteen_bit_multiplexer.vhd : (60, 9): The actual must be denoted by a static signal name if the actual is associated with an interface signal.
# Error: COMP96_0228: sixteen_bit_multiplexer.vhd : (62, 7): The actual must be denoted by a static signal name if the actual is associated with an interface signal.
# Error: COMP96_0078: sixteen_bit_multiplexer.vhd : (67, 2): Unknown identifier "sel".
# Error: COMP96_0228: sixteen_bit_multiplexer.vhd : (65, 9): The actual must be denoted by a static signal name if the actual is associated with an interface signal.
# Error: COMP96_0228: sixteen_bit_multiplexer.vhd : (66, 9): The actual must be denoted by a static signal name if the actual is associated with an interface signal.
# Error: COMP96_0133: sixteen_bit_multiplexer.vhd : (67, 2): Cannot find object declaration.
# Error: COMP96_0112: sixteen_bit_multiplexer.vhd : (67, 2): "sel" does not match the formal name.
# Error: COMP96_0207: sixteen_bit_multiplexer.vhd : (64, 3): No actual specified for local port "s".
# Error: COMP96_0228: sixteen_bit_multiplexer.vhd : (71, 9): The actual must be denoted by a static signal name if the actual is associated with an interface signal.
# Error: COMP96_0228: sixteen_bit_multiplexer.vhd : (72, 9): The actual must be denoted by a static signal name if the actual is associated with an interface signal.
# Error: COMP96_0090: sixteen_bit_multiplexer.vhd : (74, 7): Expected array type.
# Error: COMP96_0228: sixteen_bit_multiplexer.vhd : (77, 9): The actual must be denoted by a static signal name if the actual is associated with an interface signal.
# Error: COMP96_0228: sixteen_bit_multiplexer.vhd : (78, 9): The actual must be denoted by a static signal name if the actual is associated with an interface signal.
# Error: COMP96_0090: sixteen_bit_multiplexer.vhd : (80, 7): Expected array type.
# Error: COMP96_0228: sixteen_bit_multiplexer.vhd : (83, 9): The actual must be denoted by a static signal name if the actual is associated with an interface signal.
# Error: COMP96_0228: sixteen_bit_multiplexer.vhd : (84, 9): The actual must be denoted by a static signal name if the actual is associated with an interface signal.
# Error: COMP96_0090: sixteen_bit_multiplexer.vhd : (86, 7): Expected array type.
# Error: COMP96_0228: sixteen_bit_multiplexer.vhd : (89, 9): The actual must be denoted by a static signal name if the actual is associated with an interface signal.
# Error: COMP96_0228: sixteen_bit_multiplexer.vhd : (90, 9): The actual must be denoted by a static signal name if the actual is associated with an interface signal.
# Error: COMP96_0090: sixteen_bit_multiplexer.vhd : (92, 7): Expected array type.
# Error: COMP96_0228: sixteen_bit_multiplexer.vhd : (95, 9): The actual must be denoted by a static signal name if the actual is associated with an interface signal.
# Error: COMP96_0228: sixteen_bit_multiplexer.vhd : (96, 9): The actual must be denoted by a static signal name if the actual is associated with an interface signal.
# Error: COMP96_0090: sixteen_bit_multiplexer.vhd : (98, 7): Expected array type.
# Error: COMP96_0228: sixteen_bit_multiplexer.vhd : (101, 9): The actual must be denoted by a static signal name if the actual is associated with an interface signal.
# Error: COMP96_0228: sixteen_bit_multiplexer.vhd : (102, 9): The actual must be denoted by a static signal name if the actual is associated with an interface signal.
# Error: COMP96_0090: sixteen_bit_multiplexer.vhd : (104, 7): Expected array type.
# Error: COMP96_0228: sixteen_bit_multiplexer.vhd : (107, 9): The actual must be denoted by a static signal name if the actual is associated with an interface signal.
# Error: COMP96_0228: sixteen_bit_multiplexer.vhd : (108, 9): The actual must be denoted by a static signal name if the actual is associated with an interface signal.
# Error: COMP96_0090: sixteen_bit_multiplexer.vhd : (110, 7): Expected array type.
# Error: COMP96_0228: sixteen_bit_multiplexer.vhd : (113, 9): The actual must be denoted by a static signal name if the actual is associated with an interface signal.
# Error: COMP96_0228: sixteen_bit_multiplexer.vhd : (114, 9): The actual must be denoted by a static signal name if the actual is associated with an interface signal.
# Error: COMP96_0090: sixteen_bit_multiplexer.vhd : (116, 7): Expected array type.
# Error: COMP96_0228: sixteen_bit_multiplexer.vhd : (119, 9): The actual must be denoted by a static signal name if the actual is associated with an interface signal.
# Error: COMP96_0228: sixteen_bit_multiplexer.vhd : (120, 9): The actual must be denoted by a static signal name if the actual is associated with an interface signal.
# Error: COMP96_0090: sixteen_bit_multiplexer.vhd : (122, 7): Expected array type.
# Error: COMP96_0228: sixteen_bit_multiplexer.vhd : (125, 9): The actual must be denoted by a static signal name if the actual is associated with an interface signal.
# Error: COMP96_0228: sixteen_bit_multiplexer.vhd : (126, 9): The actual must be denoted by a static signal name if the actual is associated with an interface signal.
# Error: COMP96_0090: sixteen_bit_multiplexer.vhd : (128, 7): Expected array type.
# Error: COMP96_0228: sixteen_bit_multiplexer.vhd : (131, 9): The actual must be denoted by a static signal name if the actual is associated with an interface signal.
# Error: COMP96_0228: sixteen_bit_multiplexer.vhd : (132, 9): The actual must be denoted by a static signal name if the actual is associated with an interface signal.
# Error: COMP96_0090: sixteen_bit_multiplexer.vhd : (134, 7): Expected array type.
# Error: COMP96_0228: sixteen_bit_multiplexer.vhd : (137, 9): The actual must be denoted by a static signal name if the actual is associated with an interface signal.
# Error: COMP96_0228: sixteen_bit_multiplexer.vhd : (138, 9): The actual must be denoted by a static signal name if the actual is associated with an interface signal.
# Error: COMP96_0090: sixteen_bit_multiplexer.vhd : (140, 7): Expected array type.
# Error: COMP96_0228: sixteen_bit_multiplexer.vhd : (143, 9): The actual must be denoted by a static signal name if the actual is associated with an interface signal.
# Error: COMP96_0228: sixteen_bit_multiplexer.vhd : (144, 9): The actual must be denoted by a static signal name if the actual is associated with an interface signal.
# Error: COMP96_0090: sixteen_bit_multiplexer.vhd : (146, 7): Expected array type.
# Error: COMP96_0228: sixteen_bit_multiplexer.vhd : (149, 9): The actual must be denoted by a static signal name if the actual is associated with an interface signal.
# Error: COMP96_0228: sixteen_bit_multiplexer.vhd : (150, 9): The actual must be denoted by a static signal name if the actual is associated with an interface signal.
# Error: COMP96_0090: sixteen_bit_multiplexer.vhd : (152, 7): Expected array type.
# Compile failure 51 Errors 1 Warnings  Analysis time :  15.0 [ms]
# Library Manager: Library "sixteen_bit_multiplexer" contents cleared.
acom -reorder -O3 -e 100 -work sixteen_bit_multiplexer -2002  $dsn/src/sixteen_bit_multiplexer.vhd
# Warning: DAGGEN_0523: The source is compiled without the -dbg switch. Line breakpoints and assertion debug will not be available.
# File: C:/Users/emily/Git/ece443_project1/Workspace #6/16bit_multiplexer/sixteen_bit_multiplexer/src/sixteen_bit_multiplexer.vhd
# Compile Entity "mux_16bit"
# Compile Architecture "structural" of Entity "mux_16bit"
# Incorrect order of units detected.
# Automatic reorder and incremental recompilation of required units in progress.
# Top-level unit(s) detected:
# Entity => mux_16bit
# File: C:/Users/emily/Git/ece443_project1/Workspace #6/16bit_multiplexer/sixteen_bit_multiplexer/src/sixteen_bit_multiplexer.vhd
# Compile Architecture "structural" of Entity "mux_16bit"
# Warning: ELAB1_0026: sixteen_bit_multiplexer.vhd : (58, 0): There is no default binding for component "mux_1bit". (No entity named "mux_1bit" was found).
# Error: COMP96_0228: sixteen_bit_multiplexer.vhd : (59, 9): The actual must be denoted by a static signal name if the actual is associated with an interface signal.
# Error: COMP96_0228: sixteen_bit_multiplexer.vhd : (60, 9): The actual must be denoted by a static signal name if the actual is associated with an interface signal.
# Error: COMP96_0228: sixteen_bit_multiplexer.vhd : (62, 7): The actual must be denoted by a static signal name if the actual is associated with an interface signal.
# Error: COMP96_0078: sixteen_bit_multiplexer.vhd : (67, 2): Unknown identifier "sel".
# Error: COMP96_0228: sixteen_bit_multiplexer.vhd : (65, 9): The actual must be denoted by a static signal name if the actual is associated with an interface signal.
# Error: COMP96_0228: sixteen_bit_multiplexer.vhd : (66, 9): The actual must be denoted by a static signal name if the actual is associated with an interface signal.
# Error: COMP96_0133: sixteen_bit_multiplexer.vhd : (67, 2): Cannot find object declaration.
# Error: COMP96_0112: sixteen_bit_multiplexer.vhd : (67, 2): "sel" does not match the formal name.
# Error: COMP96_0207: sixteen_bit_multiplexer.vhd : (64, 3): No actual specified for local port "s".
# Error: COMP96_0228: sixteen_bit_multiplexer.vhd : (71, 9): The actual must be denoted by a static signal name if the actual is associated with an interface signal.
# Error: COMP96_0228: sixteen_bit_multiplexer.vhd : (72, 9): The actual must be denoted by a static signal name if the actual is associated with an interface signal.
# Error: COMP96_0090: sixteen_bit_multiplexer.vhd : (74, 7): Expected array type.
# Error: COMP96_0228: sixteen_bit_multiplexer.vhd : (77, 9): The actual must be denoted by a static signal name if the actual is associated with an interface signal.
# Error: COMP96_0228: sixteen_bit_multiplexer.vhd : (78, 9): The actual must be denoted by a static signal name if the actual is associated with an interface signal.
# Error: COMP96_0090: sixteen_bit_multiplexer.vhd : (80, 7): Expected array type.
# Error: COMP96_0228: sixteen_bit_multiplexer.vhd : (83, 9): The actual must be denoted by a static signal name if the actual is associated with an interface signal.
# Error: COMP96_0228: sixteen_bit_multiplexer.vhd : (84, 9): The actual must be denoted by a static signal name if the actual is associated with an interface signal.
# Error: COMP96_0090: sixteen_bit_multiplexer.vhd : (86, 7): Expected array type.
# Error: COMP96_0228: sixteen_bit_multiplexer.vhd : (89, 9): The actual must be denoted by a static signal name if the actual is associated with an interface signal.
# Error: COMP96_0228: sixteen_bit_multiplexer.vhd : (90, 9): The actual must be denoted by a static signal name if the actual is associated with an interface signal.
# Error: COMP96_0090: sixteen_bit_multiplexer.vhd : (92, 7): Expected array type.
# Error: COMP96_0228: sixteen_bit_multiplexer.vhd : (95, 9): The actual must be denoted by a static signal name if the actual is associated with an interface signal.
# Error: COMP96_0228: sixteen_bit_multiplexer.vhd : (96, 9): The actual must be denoted by a static signal name if the actual is associated with an interface signal.
# Error: COMP96_0090: sixteen_bit_multiplexer.vhd : (98, 7): Expected array type.
# Error: COMP96_0228: sixteen_bit_multiplexer.vhd : (101, 9): The actual must be denoted by a static signal name if the actual is associated with an interface signal.
# Error: COMP96_0228: sixteen_bit_multiplexer.vhd : (102, 9): The actual must be denoted by a static signal name if the actual is associated with an interface signal.
# Error: COMP96_0090: sixteen_bit_multiplexer.vhd : (104, 7): Expected array type.
# Error: COMP96_0228: sixteen_bit_multiplexer.vhd : (107, 9): The actual must be denoted by a static signal name if the actual is associated with an interface signal.
# Error: COMP96_0228: sixteen_bit_multiplexer.vhd : (108, 9): The actual must be denoted by a static signal name if the actual is associated with an interface signal.
# Error: COMP96_0090: sixteen_bit_multiplexer.vhd : (110, 7): Expected array type.
# Error: COMP96_0228: sixteen_bit_multiplexer.vhd : (113, 9): The actual must be denoted by a static signal name if the actual is associated with an interface signal.
# Error: COMP96_0228: sixteen_bit_multiplexer.vhd : (114, 9): The actual must be denoted by a static signal name if the actual is associated with an interface signal.
# Error: COMP96_0090: sixteen_bit_multiplexer.vhd : (116, 7): Expected array type.
# Error: COMP96_0228: sixteen_bit_multiplexer.vhd : (119, 9): The actual must be denoted by a static signal name if the actual is associated with an interface signal.
# Error: COMP96_0228: sixteen_bit_multiplexer.vhd : (120, 9): The actual must be denoted by a static signal name if the actual is associated with an interface signal.
# Error: COMP96_0090: sixteen_bit_multiplexer.vhd : (122, 7): Expected array type.
# Error: COMP96_0228: sixteen_bit_multiplexer.vhd : (125, 9): The actual must be denoted by a static signal name if the actual is associated with an interface signal.
# Error: COMP96_0228: sixteen_bit_multiplexer.vhd : (126, 9): The actual must be denoted by a static signal name if the actual is associated with an interface signal.
# Error: COMP96_0090: sixteen_bit_multiplexer.vhd : (128, 7): Expected array type.
# Error: COMP96_0228: sixteen_bit_multiplexer.vhd : (131, 9): The actual must be denoted by a static signal name if the actual is associated with an interface signal.
# Error: COMP96_0228: sixteen_bit_multiplexer.vhd : (132, 9): The actual must be denoted by a static signal name if the actual is associated with an interface signal.
# Error: COMP96_0090: sixteen_bit_multiplexer.vhd : (134, 7): Expected array type.
# Error: COMP96_0228: sixteen_bit_multiplexer.vhd : (137, 9): The actual must be denoted by a static signal name if the actual is associated with an interface signal.
# Error: COMP96_0228: sixteen_bit_multiplexer.vhd : (138, 9): The actual must be denoted by a static signal name if the actual is associated with an interface signal.
# Error: COMP96_0090: sixteen_bit_multiplexer.vhd : (140, 7): Expected array type.
# Error: COMP96_0228: sixteen_bit_multiplexer.vhd : (143, 9): The actual must be denoted by a static signal name if the actual is associated with an interface signal.
# Error: COMP96_0228: sixteen_bit_multiplexer.vhd : (144, 9): The actual must be denoted by a static signal name if the actual is associated with an interface signal.
# Error: COMP96_0090: sixteen_bit_multiplexer.vhd : (146, 7): Expected array type.
# Error: COMP96_0228: sixteen_bit_multiplexer.vhd : (149, 9): The actual must be denoted by a static signal name if the actual is associated with an interface signal.
# Error: COMP96_0228: sixteen_bit_multiplexer.vhd : (150, 9): The actual must be denoted by a static signal name if the actual is associated with an interface signal.
# Error: COMP96_0090: sixteen_bit_multiplexer.vhd : (152, 7): Expected array type.
# Compile failure 51 Errors 1 Warnings  Analysis time :  31.0 [ms]
# Library Manager: Library "sixteen_bit_multiplexer" contents cleared.
acom -reorder -O3 -e 100 -work sixteen_bit_multiplexer -2002  $dsn/src/sixteen_bit_multiplexer.vhd
# Warning: DAGGEN_0523: The source is compiled without the -dbg switch. Line breakpoints and assertion debug will not be available.
# File: C:/Users/emily/Git/ece443_project1/Workspace #6/16bit_multiplexer/sixteen_bit_multiplexer/src/sixteen_bit_multiplexer.vhd
# Compile Entity "mux_16bit"
# Compile Architecture "structural" of Entity "mux_16bit"
# Error: COMP96_0018: sixteen_bit_multiplexer.vhd : (64, 7): Identifier expected.
# Compile failure 1 Errors 0 Warnings  Analysis time :  15.0 [ms]
acom -O3 -e 100 -work sixteen_bit_multiplexer -2002  $dsn/src/sixteen_bit_multiplexer.vhd
# Warning: DAGGEN_0523: The source is compiled without the -dbg switch. Line breakpoints and assertion debug will not be available.
# File: C:/Users/emily/Git/ece443_project1/Workspace #6/16bit_multiplexer/sixteen_bit_multiplexer/src/sixteen_bit_multiplexer.vhd
# Compile Entity "mux_16bit"
# Compile Architecture "structural" of Entity "mux_16bit"
# Warning: ELAB1_0026: sixteen_bit_multiplexer.vhd : (59, 0): There is no default binding for component "mux_1bit". (No entity named "mux_1bit" was found).
# Error: COMP96_0090: sixteen_bit_multiplexer.vhd : (64, 12): Expected array type.
# Error: COMP96_0090: sixteen_bit_multiplexer.vhd : (72, 11): Expected array type.
# Error: COMP96_0090: sixteen_bit_multiplexer.vhd : (80, 11): Expected array type.
# Compile failure 3 Errors 1 Warnings  Analysis time :  0.0 [ms]
acom -O3 -e 100 -work sixteen_bit_multiplexer -2002  $dsn/src/sixteen_bit_multiplexer.vhd
# Warning: DAGGEN_0523: The source is compiled without the -dbg switch. Line breakpoints and assertion debug will not be available.
# File: C:/Users/emily/Git/ece443_project1/Workspace #6/16bit_multiplexer/sixteen_bit_multiplexer/src/sixteen_bit_multiplexer.vhd
# Compile Entity "mux_16bit"
# Compile Architecture "structural" of Entity "mux_16bit"
# Error: COMP96_0617: sixteen_bit_multiplexer.vhd : (58, 9): Assignment target incompatible with right side. Cannot convert 'STD_LOGIC_VECTOR' to 'STD_ULOGIC'.
# Error: COMP96_0617: sixteen_bit_multiplexer.vhd : (59, 9): Assignment target incompatible with right side. Cannot convert 'STD_LOGIC_VECTOR' to 'STD_ULOGIC'.
# Error: COMP96_0617: sixteen_bit_multiplexer.vhd : (60, 9): Assignment target incompatible with right side. Cannot convert 'STD_LOGIC_VECTOR' to 'STD_ULOGIC'.
# Error: COMP96_0090: sixteen_bit_multiplexer.vhd : (70, 12): Expected array type.
# Error: COMP96_0090: sixteen_bit_multiplexer.vhd : (78, 11): Expected array type.
# Error: COMP96_0090: sixteen_bit_multiplexer.vhd : (86, 11): Expected array type.
# Compile failure 6 Errors 0 Warnings  Analysis time :  0.0 [ms]
acom -O3 -e 100 -work sixteen_bit_multiplexer -2002  $dsn/src/sixteen_bit_multiplexer.vhd
# Warning: DAGGEN_0523: The source is compiled without the -dbg switch. Line breakpoints and assertion debug will not be available.
# File: C:/Users/emily/Git/ece443_project1/Workspace #6/16bit_multiplexer/sixteen_bit_multiplexer/src/sixteen_bit_multiplexer.vhd
# Compile Entity "mux_16bit"
# Compile Architecture "structural" of Entity "mux_16bit"
# Error: COMP96_0617: sixteen_bit_multiplexer.vhd : (56, 10): Assignment target incompatible with right side. Cannot convert 'STD_LOGIC_VECTOR' to 'STD_ULOGIC'.
# Error: COMP96_0617: sixteen_bit_multiplexer.vhd : (57, 10): Assignment target incompatible with right side. Cannot convert 'STD_LOGIC_VECTOR' to 'STD_ULOGIC'.
# Error: COMP96_0617: sixteen_bit_multiplexer.vhd : (58, 10): Assignment target incompatible with right side. Cannot convert 'STD_LOGIC_VECTOR' to 'STD_ULOGIC'.
# Compile failure 3 Errors 0 Warnings  Analysis time :  16.0 [ms]
# Library Manager: Library "sixteen_bit_multiplexer" contents cleared.
acom -reorder -O3 -e 100 -work sixteen_bit_multiplexer -2002  $dsn/src/sixteen_bit_multiplexer.vhd
# Warning: DAGGEN_0523: The source is compiled without the -dbg switch. Line breakpoints and assertion debug will not be available.
# File: C:/Users/emily/Git/ece443_project1/Workspace #6/16bit_multiplexer/sixteen_bit_multiplexer/src/sixteen_bit_multiplexer.vhd
# Compile Entity "mux_16bit"
# Compile Architecture "structural" of Entity "mux_16bit"
# Incorrect order of units detected.
# Automatic reorder and incremental recompilation of required units in progress.
# Top-level unit(s) detected:
# Entity => mux_16bit
# File: C:/Users/emily/Git/ece443_project1/Workspace #6/16bit_multiplexer/sixteen_bit_multiplexer/src/sixteen_bit_multiplexer.vhd
# Compile Architecture "structural" of Entity "mux_16bit"
# Error: COMP96_0617: sixteen_bit_multiplexer.vhd : (56, 10): Assignment target incompatible with right side. Cannot convert 'STD_LOGIC_VECTOR' to 'STD_ULOGIC'.
# Error: COMP96_0617: sixteen_bit_multiplexer.vhd : (57, 10): Assignment target incompatible with right side. Cannot convert 'STD_LOGIC_VECTOR' to 'STD_ULOGIC'.
# Error: COMP96_0617: sixteen_bit_multiplexer.vhd : (58, 10): Assignment target incompatible with right side. Cannot convert 'STD_LOGIC_VECTOR' to 'STD_ULOGIC'.
# Compile failure 3 Errors 0 Warnings  Analysis time :  31.0 [ms]
acom -O3 -e 100 -work sixteen_bit_multiplexer -2002  $dsn/src/sixteen_bit_multiplexer.vhd
# Warning: DAGGEN_0523: The source is compiled without the -dbg switch. Line breakpoints and assertion debug will not be available.
# File: C:/Users/emily/Git/ece443_project1/Workspace #6/16bit_multiplexer/sixteen_bit_multiplexer/src/sixteen_bit_multiplexer.vhd
# Compile Entity "mux_16bit"
# Compile Architecture "structural" of Entity "mux_16bit"
# Error: COMP96_0617: sixteen_bit_multiplexer.vhd : (56, 10): Assignment target incompatible with right side. Cannot convert 'STD_LOGIC_VECTOR' to 'STD_ULOGIC'.
# Error: COMP96_0617: sixteen_bit_multiplexer.vhd : (57, 10): Assignment target incompatible with right side. Cannot convert 'STD_LOGIC_VECTOR' to 'STD_ULOGIC'.
# Error: COMP96_0617: sixteen_bit_multiplexer.vhd : (58, 10): Assignment target incompatible with right side. Cannot convert 'STD_LOGIC_VECTOR' to 'STD_ULOGIC'.
# Compile failure 3 Errors 0 Warnings  Analysis time :  15.0 [ms]
# Library Manager: Library "sixteen_bit_multiplexer" contents cleared.
acom -reorder -O3 -e 100 -work sixteen_bit_multiplexer -2002  $dsn/src/sixteen_bit_multiplexer.vhd
# Warning: DAGGEN_0523: The source is compiled without the -dbg switch. Line breakpoints and assertion debug will not be available.
# File: C:/Users/emily/Git/ece443_project1/Workspace #6/16bit_multiplexer/sixteen_bit_multiplexer/src/sixteen_bit_multiplexer.vhd
# Compile Entity "mux_16bit"
# Compile Architecture "structural" of Entity "mux_16bit"
# Incorrect order of units detected.
# Automatic reorder and incremental recompilation of required units in progress.
# Top-level unit(s) detected:
# Entity => mux_16bit
# File: C:/Users/emily/Git/ece443_project1/Workspace #6/16bit_multiplexer/sixteen_bit_multiplexer/src/sixteen_bit_multiplexer.vhd
# Compile Architecture "structural" of Entity "mux_16bit"
# Error: COMP96_0617: sixteen_bit_multiplexer.vhd : (56, 10): Assignment target incompatible with right side. Cannot convert 'STD_LOGIC_VECTOR' to 'STD_ULOGIC'.
# Error: COMP96_0617: sixteen_bit_multiplexer.vhd : (57, 10): Assignment target incompatible with right side. Cannot convert 'STD_LOGIC_VECTOR' to 'STD_ULOGIC'.
# Error: COMP96_0617: sixteen_bit_multiplexer.vhd : (58, 10): Assignment target incompatible with right side. Cannot convert 'STD_LOGIC_VECTOR' to 'STD_ULOGIC'.
# Compile failure 3 Errors 0 Warnings  Analysis time :  16.0 [ms]
acom -O3 -e 100 -work sixteen_bit_multiplexer -2002  $dsn/src/sixteen_bit_multiplexer.vhd
# Warning: DAGGEN_0523: The source is compiled without the -dbg switch. Line breakpoints and assertion debug will not be available.
# File: C:/Users/emily/Git/ece443_project1/Workspace #6/16bit_multiplexer/sixteen_bit_multiplexer/src/sixteen_bit_multiplexer.vhd
# Compile Entity "mux_16bit"
# Compile Architecture "structural" of Entity "mux_16bit"
# Error: COMP96_0284: sixteen_bit_multiplexer.vhd : (56, 4): Direction of the discrete range must be the same as that of the prefix of the slice name.
# Error: COMP96_0664: sixteen_bit_multiplexer.vhd : (57, 4): Value 16 out of range 15 downto 0.
# Error: COMP96_0664: sixteen_bit_multiplexer.vhd : (58, 4): Value 32 out of range 15 downto 0.
# Compile failure 3 Errors 0 Warnings  Analysis time :  16.0 [ms]
acom -O3 -e 100 -work sixteen_bit_multiplexer -2002  $dsn/src/sixteen_bit_multiplexer.vhd
# Warning: DAGGEN_0523: The source is compiled without the -dbg switch. Line breakpoints and assertion debug will not be available.
# File: C:/Users/emily/Git/ece443_project1/Workspace #6/16bit_multiplexer/sixteen_bit_multiplexer/src/sixteen_bit_multiplexer.vhd
# Compile Entity "mux_16bit"
# Compile Architecture "structural" of Entity "mux_16bit"
# Warning: ELAB1_0026: sixteen_bit_multiplexer.vhd : (64, 0): There is no default binding for component "mux_1bit". (No entity named "mux_1bit" was found).
# Compile success 0 Errors 1 Warnings  Analysis time :  47.0 [ms]
acom -O3 -e 100 -work sixteen_bit_multiplexer -2002  $dsn/src/sixteen_bit_multiplexer.vhd
# Warning: DAGGEN_0523: The source is compiled without the -dbg switch. Line breakpoints and assertion debug will not be available.
# File: C:/Users/emily/Git/ece443_project1/Workspace #6/16bit_multiplexer/sixteen_bit_multiplexer/src/sixteen_bit_multiplexer.vhd
# Compile Entity "mux_1bit"
# Compile Entity "mux_16bit"
# Error: COMP96_0078: sixteen_bit_multiplexer.vhd : (33, 14): Unknown identifier "std_logic_vector".
# Error: COMP96_0064: sixteen_bit_multiplexer.vhd : (33, 14): Unknown type.
# Error: COMP96_0078: sixteen_bit_multiplexer.vhd : (34, 20): Unknown identifier "std_logic".
# Error: COMP96_0064: sixteen_bit_multiplexer.vhd : (34, 20): Unknown type.
# Error: COMP96_0078: sixteen_bit_multiplexer.vhd : (35, 12): Unknown identifier "std_logic_vector".
# Error: COMP96_0064: sixteen_bit_multiplexer.vhd : (35, 12): Unknown type.
# Error: COMP96_0078: sixteen_bit_multiplexer.vhd : (36, 18): Unknown identifier "std_logic".
# Error: COMP96_0064: sixteen_bit_multiplexer.vhd : (36, 18): Unknown type.
# Compile Architecture "structural" of Entity "mux_16bit"
# Warning: ELAB1_0026: sixteen_bit_multiplexer.vhd : (71, 0): There is no default binding for component "mux_1bit". (Port "s" is not on the entity).
# Compile failure 8 Errors 1 Warnings  Analysis time :  47.0 [ms]
# Library Manager: Library "sixteen_bit_multiplexer" contents cleared.
acom -reorder -O3 -e 100 -work sixteen_bit_multiplexer -2002  $dsn/src/sixteen_bit_multiplexer.vhd
# Warning: DAGGEN_0523: The source is compiled without the -dbg switch. Line breakpoints and assertion debug will not be available.
# File: C:/Users/emily/Git/ece443_project1/Workspace #6/16bit_multiplexer/sixteen_bit_multiplexer/src/sixteen_bit_multiplexer.vhd
# Compile Entity "mux_1bit"
# Compile Entity "mux_16bit"
# Compile Architecture "structural" of Entity "mux_16bit"
# Incorrect order of units detected.
# Automatic reorder and incremental recompilation of required units in progress.
# File: C:/Users/emily/Git/ece443_project1/Workspace #6/16bit_multiplexer/sixteen_bit_multiplexer/src/sixteen_bit_multiplexer.vhd
# Compile Entity "mux_16bit"
# Compile Architecture "structural" of Entity "mux_16bit"
# File: C:/Users/emily/Git/ece443_project1/Workspace #6/16bit_multiplexer/sixteen_bit_multiplexer/src/sixteen_bit_multiplexer.vhd
# Compile Entity "mux_16bit"
# Compile Architecture "structural" of Entity "mux_16bit"
# File: C:/Users/emily/Git/ece443_project1/Workspace #6/16bit_multiplexer/sixteen_bit_multiplexer/src/sixteen_bit_multiplexer.vhd
# Compile Entity "mux_16bit"
# Compile Architecture "structural" of Entity "mux_16bit"
# Error: COMP96_0078: sixteen_bit_multiplexer.vhd : (33, 14): Unknown identifier "std_logic_vector".
# Error: COMP96_0064: sixteen_bit_multiplexer.vhd : (33, 14): Unknown type.
# Error: COMP96_0078: sixteen_bit_multiplexer.vhd : (34, 20): Unknown identifier "std_logic".
# Error: COMP96_0064: sixteen_bit_multiplexer.vhd : (34, 20): Unknown type.
# Error: COMP96_0078: sixteen_bit_multiplexer.vhd : (35, 12): Unknown identifier "std_logic_vector".
# Error: COMP96_0064: sixteen_bit_multiplexer.vhd : (35, 12): Unknown type.
# Error: COMP96_0078: sixteen_bit_multiplexer.vhd : (36, 18): Unknown identifier "std_logic".
# Error: COMP96_0064: sixteen_bit_multiplexer.vhd : (36, 18): Unknown type.
# Error: VLM_0029: sixteen_bit_multiplexer.vhd : (40, 1): Entity "mux_16bit" not found.
# Error: COMP96_0056: sixteen_bit_multiplexer.vhd : (40, 1): Cannot find referenced entity declaration "mux_16bit".
# Compile failure 10 Errors 0 Warnings  Analysis time :  94.0 [ms]
# Library Manager: Library "sixteen_bit_multiplexer" contents cleared.
acom -reorder -O3 -e 100 -work sixteen_bit_multiplexer -2002  $dsn/src/sixteen_bit_multiplexer.vhd
# Warning: DAGGEN_0523: The source is compiled without the -dbg switch. Line breakpoints and assertion debug will not be available.
# File: C:/Users/emily/Git/ece443_project1/Workspace #6/16bit_multiplexer/sixteen_bit_multiplexer/src/sixteen_bit_multiplexer.vhd
# Compile Entity "mux_16bit"
# Compile Architecture "structural" of Entity "mux_16bit"
# Top-level unit(s) detected:
# Entity => mux_16bit
# Warning: ELAB1_0026: sixteen_bit_multiplexer.vhd : (64, 0): There is no default binding for component "mux_1bit". (No entity named "mux_1bit" was found).
# Compile success 0 Errors 1 Warnings  Analysis time :  32.0 [ms]
# ELBREAD: Elaboration process.
# ELBREAD: Elaboration time 0.2 [s].
# Library Manager: Library "sixteen_bit_multiplexer" contents cleared.
acom -reorder -O3 -e 100 -work sixteen_bit_multiplexer -2002  $dsn/src/sixteen_bit_multiplexer.vhd
# Warning: DAGGEN_0523: The source is compiled without the -dbg switch. Line breakpoints and assertion debug will not be available.
# File: C:/Users/emily/Git/ece443_project1/Workspace #6/16bit_multiplexer/sixteen_bit_multiplexer/src/sixteen_bit_multiplexer.vhd
# Compile Entity "mux_16bit"
# Compile Architecture "structural" of Entity "mux_16bit"
# Top-level unit(s) detected:
# Entity => mux_16bit
# Warning: ELAB1_0026: sixteen_bit_multiplexer.vhd : (59, 0): There is no default binding for component "mux_1bit". (No entity named "mux_1bit" was found).
# Compile success 0 Errors 1 Warnings  Analysis time :  0.1 [s]
# ELBREAD: Elaboration process.
# ELBREAD: Elaboration time 0.2 [s].
# Library Manager: Library "sixteen_bit_multiplexer" contents cleared.
acom -reorder -O3 -e 100 -work sixteen_bit_multiplexer -2002  $dsn/src/sixteen_bit_multiplexer.vhd
# Warning: DAGGEN_0523: The source is compiled without the -dbg switch. Line breakpoints and assertion debug will not be available.
# File: C:/Users/emily/Git/ece443_project1/Workspace #6/16bit_multiplexer/sixteen_bit_multiplexer/src/sixteen_bit_multiplexer.vhd
# Compile Entity "mux_16bit"
# Compile Architecture "structural" of Entity "mux_16bit"
# Top-level unit(s) detected:
# Entity => mux_16bit
# Warning: ELAB1_0026: sixteen_bit_multiplexer.vhd : (59, 0): There is no default binding for component "mux_1bit". (No entity named "mux_1bit" was found).
# Compile success 0 Errors 1 Warnings  Analysis time :  15.0 [ms]
# ELBREAD: Elaboration process.
# ELBREAD: Elaboration time 0.2 [s].
# Library Manager: Library "sixteen_bit_multiplexer" contents cleared.
acom -reorder -O3 -e 100 -work sixteen_bit_multiplexer -2002  $dsn/src/sixteen_bit_multiplexer.vhd
# Warning: DAGGEN_0523: The source is compiled without the -dbg switch. Line breakpoints and assertion debug will not be available.
# File: C:/Users/emily/Git/ece443_project1/Workspace #6/16bit_multiplexer/sixteen_bit_multiplexer/src/sixteen_bit_multiplexer.vhd
# Compile Entity "mux_16bit"
# Compile Architecture "structural" of Entity "mux_16bit"
# Top-level unit(s) detected:
# Entity => mux_16bit
# Compile success 0 Errors 0 Warnings  Analysis time :  31.0 [ms]
# ELBREAD: Elaboration process.
# ELBREAD: Elaboration time 0.0 [s].
acom -O3 -e 100 -work sixteen_bit_multiplexer -2002  $dsn/src/sixteen_bit_multiplexer.vhd
# Warning: DAGGEN_0523: The source is compiled without the -dbg switch. Line breakpoints and assertion debug will not be available.
# File: C:/Users/emily/Git/ece443_project1/Workspace #6/16bit_multiplexer/sixteen_bit_multiplexer/src/sixteen_bit_multiplexer.vhd
# Compile Entity "mux_16bit"
# Compile Architecture "structural" of Entity "mux_16bit"
# Error: COMP96_0569: sixteen_bit_multiplexer.vhd : (41, 12): Case expression must be of a locally static subtype. Use -relax to allow expressions of a nonstatic subtype.
# Error: COMP96_0077: sixteen_bit_multiplexer.vhd : (53, 23): Undefined type of expression. Expected type 'STD_ULOGIC'.
# Compile failure 2 Errors 0 Warnings  Analysis time :  16.0 [ms]
acom -O3 -e 100 -work sixteen_bit_multiplexer -2002  $dsn/src/sixteen_bit_multiplexer.vhd
# Warning: DAGGEN_0523: The source is compiled without the -dbg switch. Line breakpoints and assertion debug will not be available.
# File: C:/Users/emily/Git/ece443_project1/Workspace #6/16bit_multiplexer/sixteen_bit_multiplexer/src/sixteen_bit_multiplexer.vhd
# Compile Entity "mux_16bit"
# Compile Architecture "structural" of Entity "mux_16bit"
# Compile success 0 Errors 0 Warnings  Analysis time :  31.0 [ms]
acom -O3 -e 100 -work sixteen_bit_multiplexer -2002  $dsn/src/sixteen_bit_multiplexer.vhd
# Warning: DAGGEN_0523: The source is compiled without the -dbg switch. Line breakpoints and assertion debug will not be available.
# File: C:/Users/emily/Git/ece443_project1/Workspace #6/16bit_multiplexer/sixteen_bit_multiplexer/src/sixteen_bit_multiplexer.vhd
# Compile Entity "mux_16bit"
# Compile Architecture "structural" of Entity "mux_16bit"
# Compile success 0 Errors 0 Warnings  Analysis time :  31.0 [ms]
# Library Manager: Library "sixteen_bit_multiplexer" contents cleared.
acom -reorder -O3 -e 100 -work sixteen_bit_multiplexer -2002  $dsn/src/sixteen_bit_multiplexer.vhd $dsn/src/Testbench/sixteen_bit_multiplexer_TB.vhd
# Warning: DAGGEN_0523: The source is compiled without the -dbg switch. Line breakpoints and assertion debug will not be available.
# File: C:/Users/emily/Git/ece443_project1/Workspace #6/16bit_multiplexer/sixteen_bit_multiplexer/src/sixteen_bit_multiplexer.vhd
# Compile Entity "mux_16bit"
# Compile Architecture "structural" of Entity "mux_16bit"
# File: C:/Users/emily/Git/ece443_project1/Workspace #6/16bit_multiplexer/sixteen_bit_multiplexer/src/Testbench/sixteen_bit_multiplexer_TB.vhd
# Compile Entity "sixteen_bit_multiplexer_TB"
# Compile Architecture "tb" of Entity "sixteen_bit_multiplexer_TB"
# Top-level unit(s) detected:
# Entity => sixteen_bit_multiplexer_TB
# Warning: ELAB1_0026: Testbench/sixteen_bit_multiplexer_TB.vhd : (35, 0): There is no default binding for component "mux_16bit". (Port "sel" is not on the entity).
# Compile success 0 Errors 1 Warnings  Analysis time :  78.0 [ms]
# ELBREAD: Elaboration process.
# ELBREAD: Elaboration time 0.2 [s].
# Library Manager: Library "sixteen_bit_multiplexer" contents cleared.
acom -reorder -O3 -e 100 -work sixteen_bit_multiplexer -2002  $dsn/src/sixteen_bit_multiplexer.vhd $dsn/src/Testbench/sixteen_bit_multiplexer_TB.vhd
# Warning: DAGGEN_0523: The source is compiled without the -dbg switch. Line breakpoints and assertion debug will not be available.
# File: C:/Users/emily/Git/ece443_project1/Workspace #6/16bit_multiplexer/sixteen_bit_multiplexer/src/sixteen_bit_multiplexer.vhd
# Compile Entity "mux_16bit"
# Compile Architecture "structural" of Entity "mux_16bit"
# File: C:/Users/emily/Git/ece443_project1/Workspace #6/16bit_multiplexer/sixteen_bit_multiplexer/src/Testbench/sixteen_bit_multiplexer_TB.vhd
# Compile Entity "sixteen_bit_multiplexer_TB"
# Compile Architecture "tb" of Entity "sixteen_bit_multiplexer_TB"
# Top-level unit(s) detected:
# Entity => sixteen_bit_multiplexer_TB
# Compile success 0 Errors 0 Warnings  Analysis time :  63.0 [ms]
# ELBREAD: Elaboration process.
# ELBREAD: Elaboration time 0.0 [s].
asim -O5 +access +r +m+sixteen_bit_multiplexer_TB sixteen_bit_multiplexer_TB tb
# ELBREAD: Elaboration process.
# ELBREAD: Elaboration time 0.0 [s].
# VSIM: Stack memory: 32MB
# VSIM: Retval memory: 32MB
# 
# KERNEL: Main thread initiated.
# KERNEL: Kernel process initialization phase.
# ELAB2: Elaboration final pass...
# ELAB2: Create instances ...
# KERNEL: Time resolution set to 1ps.
# ELAB2: Create instances complete.
# SLP: Started
# SLP: Elaboration phase ...
# SLP: Elaboration phase ... skipped, nothing to simulate in SLP mode : 0.0 [s]
# SLP: Finished : 0.0 [s]
# ELAB2: Elaboration final pass complete - time: 0.1 [s].
# KERNEL: Warning: You are using the Active-HDL Student Edition. The performance of simulation is running at a reduced rate.
# KERNEL: Warning: Contact Aldec for available upgrade options - sales@aldec.com.
# KERNEL: Kernel process initialization done.
# Allocation: Simulator allocated 6552 kB (elbread=427 elab2=5986 kernel=139 sdf=0)
# KERNEL: ASDB file was created in location C:\Users\emily\Git\ece443_project1\Workspace #6\16bit_multiplexer\sixteen_bit_multiplexer\src\wave.asdb
#  5:28 PM, Wednesday, October 25, 2023
#  Simulation has been initialized
# VSIM: 1 object(s) traced.
# Waveform file 'untitled.awc' connected to 'C:/Users/emily/Git/ece443_project1/Workspace #6/16bit_multiplexer/sixteen_bit_multiplexer/src/wave.asdb'.
# VSIM: 1 object(s) traced.
# VSIM: 1 object(s) traced.
# VSIM: 1 object(s) traced.
# VSIM: 1 object(s) traced.
# VSIM: 1 object(s) traced.
run @100ns
# KERNEL: stopped at time: 100 ns
# KERNEL: Simulation has finished. There are no more test vectors to simulate.
# Library Manager: Library "sixteen_bit_multiplexer" contents cleared.
endsim
# VSIM: Simulation has finished.
acom -reorder -O3 -e 100 -work sixteen_bit_multiplexer -2002  $dsn/src/sixteen_bit_multiplexer.vhd $dsn/src/Testbench/sixteen_bit_multiplexer_TB.vhd
# Warning: DAGGEN_0523: The source is compiled without the -dbg switch. Line breakpoints and assertion debug will not be available.
# File: C:/Users/emily/Git/ece443_project1/Workspace #6/16bit_multiplexer/sixteen_bit_multiplexer/src/sixteen_bit_multiplexer.vhd
# Compile Entity "mux_16bit"
# Compile Architecture "structural" of Entity "mux_16bit"
# File: C:/Users/emily/Git/ece443_project1/Workspace #6/16bit_multiplexer/sixteen_bit_multiplexer/src/Testbench/sixteen_bit_multiplexer_TB.vhd
# Compile Entity "sixteen_bit_multiplexer_TB"
# Compile Architecture "tb" of Entity "sixteen_bit_multiplexer_TB"
# Top-level unit(s) detected:
# Entity => sixteen_bit_multiplexer_TB
# Compile success 0 Errors 0 Warnings  Analysis time :  62.0 [ms]
# ELBREAD: Elaboration process.
# ELBREAD: Elaboration time 0.0 [s].
asim -O5 +access +r +m+sixteen_bit_multiplexer_TB sixteen_bit_multiplexer_TB tb
# ELBREAD: Elaboration process.
# ELBREAD: Elaboration time 0.0 [s].
# VSIM: Stack memory: 32MB
# VSIM: Retval memory: 32MB
# 
# KERNEL: Main thread initiated.
# KERNEL: Kernel process initialization phase.
# ELAB2: Elaboration final pass...
# ELAB2: Create instances ...
# KERNEL: Time resolution set to 1ps.
# ELAB2: Create instances complete.
# SLP: Started
# SLP: Elaboration phase ...
# SLP: Elaboration phase ... skipped, nothing to simulate in SLP mode : 0.0 [s]
# SLP: Finished : 0.0 [s]
# ELAB2: Elaboration final pass complete - time: 0.0 [s].
# KERNEL: Warning: You are using the Active-HDL Student Edition. The performance of simulation is running at a reduced rate.
# KERNEL: Warning: Contact Aldec for available upgrade options - sales@aldec.com.
# KERNEL: Kernel process initialization done.
# Allocation: Simulator allocated 6552 kB (elbread=427 elab2=5986 kernel=139 sdf=0)
# KERNEL: ASDB file was created in location C:\Users\emily\Git\ece443_project1\Workspace #6\16bit_multiplexer\sixteen_bit_multiplexer\src\wave.asdb
#  5:30 PM, Wednesday, October 25, 2023
#  Simulation has been initialized
# VSIM: 1 object(s) traced.
# Waveform file 'untitled.awc' connected to 'C:/Users/emily/Git/ece443_project1/Workspace #6/16bit_multiplexer/sixteen_bit_multiplexer/src/wave.asdb'.
# VSIM: 1 object(s) traced.
# KERNEL: Warning: KERNEL_0291 Object "/sixteen_bit_multiplexer_TB/A" has already been traced.
# VSIM: 0 object(s) traced.
# Waveform file 'untitled.awc' connected to 'C:/Users/emily/Git/ece443_project1/Workspace #6/16bit_multiplexer/sixteen_bit_multiplexer/src/wave.asdb'.
# KERNEL: Warning: KERNEL_0291 Object "/sixteen_bit_multiplexer_TB/B" has already been traced.
# VSIM: 0 object(s) traced.
# VSIM: 1 object(s) traced.
# VSIM: 1 object(s) traced.
# VSIM: 1 object(s) traced.
# VSIM: 1 object(s) traced.
run
# KERNEL: Simulation has finished. There are no more test vectors to simulate.
endsim
# VSIM: Simulation has finished.
asim -O5 +access +r +m+sixteen_bit_multiplexer_TB sixteen_bit_multiplexer_TB tb
# ELBREAD: Elaboration process.
# ELBREAD: Elaboration time 0.0 [s].
# VSIM: Stack memory: 32MB
# VSIM: Retval memory: 32MB
# 
acom -O3 -e 100 -work sixteen_bit_multiplexer -2002  $dsn/src/Testbench/sixteen_bit_multiplexer_TB.vhd
# Warning: DAGGEN_0523: The source is compiled without the -dbg switch. Line breakpoints and assertion debug will not be available.
# File: C:/Users/emily/Git/ece443_project1/Workspace #6/16bit_multiplexer/sixteen_bit_multiplexer/src/Testbench/sixteen_bit_multiplexer_TB.vhd
# Compile Entity "sixteen_bit_multiplexer_TB"
# Compile Architecture "tb" of Entity "sixteen_bit_multiplexer_TB"
# Compile success 0 Errors 0 Warnings  Analysis time :  31.0 [ms]
# ELBREAD: Elaboration process.
# ELBREAD: Elaboration time 0.0 [s].
# KERNEL: Main thread initiated.
# KERNEL: Kernel process initialization phase.
# ELAB2: Elaboration final pass...
# ELAB2: Create instances ...
# KERNEL: Time resolution set to 1ps.
# ELAB2: Create instances complete.
# SLP: Started
# SLP: Elaboration phase ...
# SLP: Elaboration phase ... skipped, nothing to simulate in SLP mode : 0.0 [s]
# SLP: Finished : 0.0 [s]
# ELAB2: Elaboration final pass complete - time: 0.0 [s].
# KERNEL: Warning: You are using the Active-HDL Student Edition. The performance of simulation is running at a reduced rate.
# KERNEL: Warning: Contact Aldec for available upgrade options - sales@aldec.com.
# KERNEL: Kernel process initialization done.
# Allocation: Simulator allocated 6552 kB (elbread=427 elab2=5986 kernel=139 sdf=0)
# KERNEL: ASDB file was created in location C:\Users\emily\Git\ece443_project1\Workspace #6\16bit_multiplexer\sixteen_bit_multiplexer\src\wave.asdb
#  5:32 PM, Wednesday, October 25, 2023
#  Simulation has been initialized
# VSIM: 1 object(s) traced.
# Waveform file 'untitled.awc' connected to 'C:/Users/emily/Git/ece443_project1/Workspace #6/16bit_multiplexer/sixteen_bit_multiplexer/src/wave.asdb'.
# VSIM: 1 object(s) traced.
# VSIM: 1 object(s) traced.
run
# KERNEL: Simulation has finished. There are no more test vectors to simulate.
