# Design: Design sixteen_bit_subtractor already active.
# DESIGN: Default Design Language: VHDL
# DESIGN: Default BDE Language: VHDL
# DESIGN: Flow Manager: Not Defined
acom -reorder -O3 -e 100 -work sixteen_bit_subtractor -2002  $dsn/src/half_adder.vhd $dsn/src/full_adder.vhd $dsn/src/sixteen_bit_adder.vhd $dsn/src/sixteen_bit_subtractor.vhd
# Warning: DAGGEN_0523: The source is compiled without the -dbg switch. Line breakpoints and assertion debug will not be available.
# File: C:/My_Designs/Project1_Fall22/ece443_project1/Workspace #4/16bit_subtractor/sixteen_bit_subtractor/src/half_adder.vhd
# Compile Entity "and_gate"
# Compile Architecture "structural" of Entity "and_gate"
# Compile Entity "xor_gate"
# Compile Architecture "structural" of Entity "xor_gate"
# Compile Entity "half_adder"
# Compile Architecture "structural" of Entity "half_adder"
# File: C:/My_Designs/Project1_Fall22/ece443_project1/Workspace #4/16bit_subtractor/sixteen_bit_subtractor/src/full_adder.vhd
# Compile Entity "Full_Adder"
# Compile Architecture "structural" of Entity "Full_Adder"
# File: C:/My_Designs/Project1_Fall22/ece443_project1/Workspace #4/16bit_subtractor/sixteen_bit_subtractor/src/sixteen_bit_adder.vhd
# Compile Entity "sixteen_bit_adder"
# Compile Architecture "structural" of Entity "sixteen_bit_adder"
# File: C:/My_Designs/Project1_Fall22/ece443_project1/Workspace #4/16bit_subtractor/sixteen_bit_subtractor/src/sixteen_bit_subtractor.vhd
# Compile Entity "sixteen_bit_subtractor"
# Compile Architecture "structural" of Entity "sixteen_bit_subtractor"
# Top-level unit(s) detected:
# Entity => sixteen_bit_subtractor
# Compile success 0 Errors 0 Warnings  Analysis time :  0.1 [s]
# ELBREAD: Elaboration process.
# ELBREAD: Elaboration time 0.0 [s].
acom -O3 -e 100 -work sixteen_bit_subtractor -2002  $dsn/src/half_adder.vhd $dsn/src/full_adder.vhd $dsn/src/sixteen_bit_adder.vhd $dsn/src/sixteen_bit_subtractor.vhd $dsn/src/TestBench/sixteen_bit_subtractor_TB.vhd
# Warning: DAGGEN_0523: The source is compiled without the -dbg switch. Line breakpoints and assertion debug will not be available.
# File: C:/My_Designs/Project1_Fall22/ece443_project1/Workspace #4/16bit_subtractor/sixteen_bit_subtractor/src/half_adder.vhd
# Compile Entity "and_gate"
# Compile Architecture "structural" of Entity "and_gate"
# Compile Entity "xor_gate"
# Compile Architecture "structural" of Entity "xor_gate"
# Compile Entity "half_adder"
# Compile Architecture "structural" of Entity "half_adder"
# File: C:/My_Designs/Project1_Fall22/ece443_project1/Workspace #4/16bit_subtractor/sixteen_bit_subtractor/src/full_adder.vhd
# Compile Entity "Full_Adder"
# Compile Architecture "structural" of Entity "Full_Adder"
# File: C:/My_Designs/Project1_Fall22/ece443_project1/Workspace #4/16bit_subtractor/sixteen_bit_subtractor/src/sixteen_bit_adder.vhd
# Compile Entity "sixteen_bit_adder"
# Compile Architecture "structural" of Entity "sixteen_bit_adder"
# File: C:/My_Designs/Project1_Fall22/ece443_project1/Workspace #4/16bit_subtractor/sixteen_bit_subtractor/src/sixteen_bit_subtractor.vhd
# Compile Entity "sixteen_bit_subtractor"
# Compile Architecture "structural" of Entity "sixteen_bit_subtractor"
# File: C:/My_Designs/Project1_Fall22/ece443_project1/Workspace #4/16bit_subtractor/sixteen_bit_subtractor/src/TestBench/sixteen_bit_subtractor_TB.vhd
# Compile Entity "sixteen_bit_subtractor_TB"
# Compile Architecture "TB_architecture" of Entity "sixteen_bit_subtractor_TB"
# Compile success 0 Errors 0 Warnings  Analysis time :  0.1 [s]
# ELBREAD: Elaboration process.
# ELBREAD: Elaboration time 0.0 [s].
asim -O5 +access +r +m+sixteen_bit_subtractor_TB sixteen_bit_subtractor_TB TB_architecture
# ELBREAD: Elaboration process.
# ELBREAD: Elaboration time 0.0 [s].
# VSIM: Stack memory: 32MB
# VSIM: Retval memory: 32MB
# 
# KERNEL: Main thread initiated.
# KERNEL: Kernel process initialization phase.
# ELAB2: Elaboration final pass...
# ELAB2: Create instances ...
# KERNEL: Time resolution set to 1ps.
# ELAB2: Create instances complete.
# SLP: Started
# SLP: Elaboration phase ...
# SLP: Elaboration phase ... skipped, nothing to simulate in SLP mode : 0.0 [s]
# SLP: Finished : 0.0 [s]
# ELAB2: Elaboration final pass complete - time: 0.0 [s].
# KERNEL: Warning: You are using the Active-HDL EDU Edition. The performance of simulation is running at a reduced rate.
# KERNEL: Warning: Contact Aldec for available upgrade options - sales@aldec.com.
# KERNEL: Kernel process initialization done.
# Allocation: Simulator allocated 6215 kB (elbread=257 elab2=5818 kernel=139 sdf=0)
# KERNEL: ASDB file was created in location C:\My_Designs\Project1_Fall22\ece443_project1\Workspace #4\16bit_subtractor\sixteen_bit_subtractor\src\wave.asdb
#  9:14 AM, Wednesday, October 25, 2023
#  Simulation has been initialized
run
# KERNEL: Simulation has finished. There are no more test vectors to simulate.
restart
# ELBREAD: Elaboration process.
# ELBREAD: Elaboration time 0.0 [s].
# 
# KERNEL: Main thread initiated.
# KERNEL: Kernel process initialization phase.
# ELAB2: Elaboration final pass...
# ELAB2: Create instances ...
# KERNEL: Time resolution set to 1ps.
# ELAB2: Create instances complete.
# SLP: Started
# SLP: Elaboration phase ...
# SLP: Elaboration phase ... skipped, nothing to simulate in SLP mode : 0.0 [s]
# SLP: Finished : 0.0 [s]
# ELAB2: Elaboration final pass complete - time: 0.0 [s].
# KERNEL: Warning: You are using the Active-HDL EDU Edition. The performance of simulation is running at a reduced rate.
# KERNEL: Warning: Contact Aldec for available upgrade options - sales@aldec.com.
# KERNEL: Kernel process initialization done.
# Allocation: Simulator allocated 6215 kB (elbread=257 elab2=5818 kernel=139 sdf=0)
# KERNEL: ASDB file was created in location C:\My_Designs\Project1_Fall22\ece443_project1\Workspace #4\16bit_subtractor\sixteen_bit_subtractor\src\wave.asdb
#  9:14 AM, Wednesday, October 25, 2023
#  Simulation has been initialized
endsim
# VSIM: Simulation has finished.
